Using pre-set license
Built from '2021.1/staging' branch; Version is '2021.1.3f1 (4bef613afd59) revision 4976481'; Using compiler version '192528614'; Build Type 'Release'
OS: 'Windows 10 Education; OS build 18363.1801; Version 1909; 64bit' Language: 'pt' Physical Memory: 6055 MB
BatchMode: 1, IsHumanControllingUs: 0, StartBugReporterOnCrash: 0, Is64bit: 1, IsPro: 0

 COMMAND LINE ARGUMENTS:
C:\Program Files\Unity\Hub\Editor\2021.1.3f1\Editor\Unity.exe
-adb2
-batchMode
-noUpm
-name
AssetImportWorker0
-projectPath
C:/Users/Raissa/Documents/Unisinos/Projeto Final 1/a-boneca-da-nina/A Boneca da Nina
-logFile
Logs/AssetImportWorker0.log
-srvPort
60450
Successfully changed project path to: C:/Users/Raissa/Documents/Unisinos/Projeto Final 1/a-boneca-da-nina/A Boneca da Nina
C:/Users/Raissa/Documents/Unisinos/Projeto Final 1/a-boneca-da-nina/A Boneca da Nina
Using Asset Import Pipeline V2.
Refreshing native plugins compatible for Editor in 182.43 ms, found 1 plugins.
Preloading 0 native plugins for Editor in 0.00 ms.
Initialize engine version: 2021.1.3f1 (4bef613afd59)
[Subsystems] Discovering subsystems at path C:/Program Files/Unity/Hub/Editor/2021.1.3f1/Editor/Data/Resources/UnitySubsystems
[Subsystems] Discovering subsystems at path C:/Users/Raissa/Documents/Unisinos/Projeto Final 1/a-boneca-da-nina/A Boneca da Nina/Assets
GfxDevice: creating device client; threaded=0; jobified=0
Direct3D:
    Version:  Direct3D 11.0 [level 10.1]
    Renderer: Intel(R) HD Graphics 3000 (ID=0x126)
    Vendor:   Intel
    VRAM:     128 MB
    Driver:   9.17.10.4459
Initialize mono
Mono path[0] = 'C:/Program Files/Unity/Hub/Editor/2021.1.3f1/Editor/Data/Managed'
Mono path[1] = 'C:/Program Files/Unity/Hub/Editor/2021.1.3f1/Editor/Data/MonoBleedingEdge/lib/mono/unityjit'
Mono config path = 'C:/Program Files/Unity/Hub/Editor/2021.1.3f1/Editor/Data/MonoBleedingEdge/etc'
Using monoOptions --debugger-agent=transport=dt_socket,embedding=1,server=y,suspend=n,address=127.0.0.1:56668
Begin MonoManager ReloadAssembly
Registering precompiled unity dll's ...
Register platform support module: C:/Program Files/Unity/Hub/Editor/2021.1.3f1/Editor/Data/PlaybackEngines/WindowsStandaloneSupport/UnityEditor.WindowsStandalone.Extensions.dll
Registered in 0.004880 seconds.
Native extension for WindowsStandalone target not found
Refreshing native plugins compatible for Editor in 162.10 ms, found 1 plugins.
Preloading 0 native plugins for Editor in 0.00 ms.
Mono: successfully reloaded assembly
- Completed reload, in  8.970 seconds
Platform modules already initialized, skipping
Registering precompiled user dll's ...
Registered in 0.011235 seconds.
Begin MonoManager ReloadAssembly
Native extension for WindowsStandalone target not found
Refreshing native plugins compatible for Editor in 2.59 ms, found 1 plugins.
Preloading 0 native plugins for Editor in 0.00 ms.
Mono: successfully reloaded assembly
- Completed reload, in  5.748 seconds
Platform modules already initialized, skipping
========================================================================
Worker process is ready to serve import requests
Launched and connected shader compiler UnityShaderCompiler.exe after 0.21 seconds
Refreshing native plugins compatible for Editor in 0.97 ms, found 1 plugins.
Preloading 0 native plugins for Editor in 0.00 ms.
Unloading 2681 Unused Serialized files (Serialized files now loaded: 0)
System memory in use before: 99.4 MB.
System memory in use after: 99.6 MB.

Unloading 15 unused Assets to reduce memory usage. Loaded Objects now: 3132.
Total: 3.972000 ms (FindLiveObjects: 0.390000 ms CreateObjectMapping: 0.250500 ms MarkObjects: 3.188200 ms  DeleteObjects: 0.139900 ms)

========================================================================
Received Import Request.
  path: Assets/Sprites/BG 1.png
  artifactKey: Guid(e47ec9cab7429c04b9e728670882d9a0) Importer(815301076,1909f56bfc062723c751e8b465ee728b)
Start importing Assets/Sprites/BG 1.png using Guid(e47ec9cab7429c04b9e728670882d9a0) Importer(815301076,1909f56bfc062723c751e8b465ee728b)  -> (artifact id: '609b53175d4d75d126a961990a2157ec') in 0.349440 seconds 
========================================================================
Received Import Request.
  Time since last request: 0.000593 seconds.
  path: Assets/Sprites
  artifactKey: Guid(3a2f61367518fbd469170fcd218f1a61) Importer(815301076,1909f56bfc062723c751e8b465ee728b)
Start importing Assets/Sprites using Guid(3a2f61367518fbd469170fcd218f1a61) Importer(815301076,1909f56bfc062723c751e8b465ee728b)  -> (artifact id: '47d23c55d2170f3ca82d31e388684d29') in 0.056638 seconds 
========================================================================
Received Import Request.
  Time since last request: 194.133557 seconds.
  path: ProjectSettings/TagManager.asset
  artifactKey: Guid(00000000000000003000000000000000) Importer(815301076,1909f56bfc062723c751e8b465ee728b)
Start importing ProjectSettings/TagManager.asset using Guid(00000000000000003000000000000000) Importer(815301076,1909f56bfc062723c751e8b465ee728b)  -> (artifact id: '1eb58b6ee8ffe1e03e74489446e2acd2') in 0.154054 seconds 
========================================================================
Received Import Request.
  Time since last request: 6.035783 seconds.
  path: ProjectSettings/TagManager.asset
  artifactKey: Guid(00000000000000003000000000000000) Importer(815301076,1909f56bfc062723c751e8b465ee728b)
Start importing ProjectSettings/TagManager.asset using Guid(00000000000000003000000000000000) Importer(815301076,1909f56bfc062723c751e8b465ee728b)  -> (artifact id: '4e7d526da16049202de859b4be52ed5e') in 0.103122 seconds 
========================================================================
Received Prepare
Registering precompiled user dll's ...
Registered in 0.016649 seconds.
Begin MonoManager ReloadAssembly
Native extension for WindowsStandalone target not found
Refreshing native plugins compatible for Editor in 4.26 ms, found 1 plugins.
Preloading 0 native plugins for Editor in 0.00 ms.
Mono: successfully reloaded assembly
- Completed reload, in  7.253 seconds
Platform modules already initialized, skipping
Refreshing native plugins compatible for Editor in 1.25 ms, found 1 plugins.
Preloading 0 native plugins for Editor in 0.00 ms.
Unloading 2677 Unused Serialized files (Serialized files now loaded: 0)
System memory in use before: 111.5 MB.
System memory in use after: 111.7 MB.

Unloading 12 unused Assets to reduce memory usage. Loaded Objects now: 3156.
Total: 4.881100 ms (FindLiveObjects: 0.883800 ms CreateObjectMapping: 0.317800 ms MarkObjects: 3.528900 ms  DeleteObjects: 0.147100 ms)

========================================================================
Received Import Request.
  Time since last request: 113.148961 seconds.
  path: Assets/Scripts/Cloud.cs
  artifactKey: Guid(3d6a8610971f350479e51060a374be70) Importer(815301076,1909f56bfc062723c751e8b465ee728b)
Start importing Assets/Scripts/Cloud.cs using Guid(3d6a8610971f350479e51060a374be70) Importer(815301076,1909f56bfc062723c751e8b465ee728b)  -> (artifact id: 'a81e8093378a31f3f09704651dce3ad6') in 0.189745 seconds 
========================================================================
Received Prepare
Registering precompiled user dll's ...
Registered in 0.019000 seconds.
Begin MonoManager ReloadAssembly
Native extension for WindowsStandalone target not found
Refreshing native plugins compatible for Editor in 0.97 ms, found 1 plugins.
Preloading 0 native plugins for Editor in 0.00 ms.
Mono: successfully reloaded assembly
- Completed reload, in  5.444 seconds
Platform modules already initialized, skipping
Refreshing native plugins compatible for Editor in 4.00 ms, found 1 plugins.
Preloading 0 native plugins for Editor in 0.00 ms.
Unloading 2677 Unused Serialized files (Serialized files now loaded: 0)
System memory in use before: 111.6 MB.
System memory in use after: 111.7 MB.

Unloading 10 unused Assets to reduce memory usage. Loaded Objects now: 3160.
Total: 27.997200 ms (FindLiveObjects: 4.427000 ms CreateObjectMapping: 2.980800 ms MarkObjects: 20.100500 ms  DeleteObjects: 0.478900 ms)

========================================================================
Received Import Request.
  Time since last request: 100.104952 seconds.
  path: Assets/Scripts/Cloud.cs
  artifactKey: Guid(3d6a8610971f350479e51060a374be70) Importer(815301076,1909f56bfc062723c751e8b465ee728b)
Start importing Assets/Scripts/Cloud.cs using Guid(3d6a8610971f350479e51060a374be70) Importer(815301076,1909f56bfc062723c751e8b465ee728b)  -> (artifact id: '2bbc15daa08b48207f0f1fada04fa263') in 0.075557 seconds 
========================================================================
Received Prepare
Registering precompiled user dll's ...
Registered in 0.011113 seconds.
Begin MonoManager ReloadAssembly
Native extension for WindowsStandalone target not found
Refreshing native plugins compatible for Editor in 2.29 ms, found 1 plugins.
Preloading 0 native plugins for Editor in 0.00 ms.
Mono: successfully reloaded assembly
- Completed reload, in  5.446 seconds
Platform modules already initialized, skipping
Refreshing native plugins compatible for Editor in 1.50 ms, found 1 plugins.
Preloading 0 native plugins for Editor in 0.00 ms.
Unloading 2677 Unused Serialized files (Serialized files now loaded: 0)
System memory in use before: 111.6 MB.
System memory in use after: 111.8 MB.

Unloading 10 unused Assets to reduce memory usage. Loaded Objects now: 3163.
Total: 5.447000 ms (FindLiveObjects: 0.344900 ms CreateObjectMapping: 0.201200 ms MarkObjects: 4.779500 ms  DeleteObjects: 0.118500 ms)

========================================================================
Received Prepare
Registering precompiled user dll's ...
Registered in 0.020324 seconds.
Begin MonoManager ReloadAssembly
Native extension for WindowsStandalone target not found
Refreshing native plugins compatible for Editor in 1.97 ms, found 1 plugins.
Preloading 0 native plugins for Editor in 0.00 ms.
Mono: successfully reloaded assembly
- Completed reload, in  8.209 seconds
Platform modules already initialized, skipping
Refreshing native plugins compatible for Editor in 1.33 ms, found 1 plugins.
Preloading 0 native plugins for Editor in 0.00 ms.
Unloading 2677 Unused Serialized files (Serialized files now loaded: 0)
System memory in use before: 111.6 MB.
System memory in use after: 111.8 MB.

Unloading 10 unused Assets to reduce memory usage. Loaded Objects now: 3166.
Total: 5.738300 ms (FindLiveObjects: 0.487500 ms CreateObjectMapping: 0.346200 ms MarkObjects: 4.742700 ms  DeleteObjects: 0.157800 ms)

========================================================================
Received Prepare
Registering precompiled user dll's ...
Registered in 0.018138 seconds.
Begin MonoManager ReloadAssembly
Native extension for WindowsStandalone target not found
Refreshing native plugins compatible for Editor in 1.37 ms, found 1 plugins.
Preloading 0 native plugins for Editor in 0.00 ms.
Mono: successfully reloaded assembly
- Completed reload, in  8.481 seconds
Platform modules already initialized, skipping
Refreshing native plugins compatible for Editor in 1.88 ms, found 1 plugins.
Preloading 0 native plugins for Editor in 0.00 ms.
Unloading 2677 Unused Serialized files (Serialized files now loaded: 0)
System memory in use before: 111.6 MB.
System memory in use after: 111.8 MB.

Unloading 10 unused Assets to reduce memory usage. Loaded Objects now: 3169.
Total: 6.470500 ms (FindLiveObjects: 0.535900 ms CreateObjectMapping: 0.366000 ms MarkObjects: 5.321200 ms  DeleteObjects: 0.242700 ms)

========================================================================
Received Prepare
Registering precompiled user dll's ...
Registered in 0.009550 seconds.
Begin MonoManager ReloadAssembly
Native extension for WindowsStandalone target not found
Refreshing native plugins compatible for Editor in 1.30 ms, found 1 plugins.
Preloading 0 native plugins for Editor in 0.00 ms.
Mono: successfully reloaded assembly
- Completed reload, in  5.109 seconds
Platform modules already initialized, skipping
Refreshing native plugins compatible for Editor in 3.27 ms, found 1 plugins.
Preloading 0 native plugins for Editor in 0.00 ms.
Unloading 2677 Unused Serialized files (Serialized files now loaded: 0)
System memory in use before: 111.6 MB.
System memory in use after: 111.8 MB.

Unloading 10 unused Assets to reduce memory usage. Loaded Objects now: 3172.
Total: 11.001900 ms (FindLiveObjects: 0.982600 ms CreateObjectMapping: 0.604800 ms MarkObjects: 9.190500 ms  DeleteObjects: 0.217500 ms)

========================================================================
Received Prepare
Registering precompiled user dll's ...
Registered in 0.042086 seconds.
Begin MonoManager ReloadAssembly
Native extension for WindowsStandalone target not found
Refreshing native plugins compatible for Editor in 1.42 ms, found 1 plugins.
Preloading 0 native plugins for Editor in 0.00 ms.
Mono: successfully reloaded assembly
- Completed reload, in  3.597 seconds
Platform modules already initialized, skipping
Refreshing native plugins compatible for Editor in 1.31 ms, found 1 plugins.
Preloading 0 native plugins for Editor in 0.00 ms.
Unloading 2677 Unused Serialized files (Serialized files now loaded: 0)
System memory in use before: 111.6 MB.
System memory in use after: 111.8 MB.

Unloading 10 unused Assets to reduce memory usage. Loaded Objects now: 3175.
Total: 5.675300 ms (FindLiveObjects: 0.573100 ms CreateObjectMapping: 0.394600 ms MarkObjects: 4.562100 ms  DeleteObjects: 0.141300 ms)

========================================================================
Received Prepare
Registering precompiled user dll's ...
Registered in 0.017656 seconds.
Begin MonoManager ReloadAssembly
Native extension for WindowsStandalone target not found
Refreshing native plugins compatible for Editor in 2.82 ms, found 1 plugins.
Preloading 0 native plugins for Editor in 0.00 ms.
Mono: successfully reloaded assembly
- Completed reload, in  6.728 seconds
Platform modules already initialized, skipping
Refreshing native plugins compatible for Editor in 3.07 ms, found 1 plugins.
Preloading 0 native plugins for Editor in 0.00 ms.
Unloading 2677 Unused Serialized files (Serialized files now loaded: 0)
System memory in use before: 111.6 MB.
System memory in use after: 111.8 MB.

Unloading 10 unused Assets to reduce memory usage. Loaded Objects now: 3178.
Total: 17.182400 ms (FindLiveObjects: 3.308500 ms CreateObjectMapping: 1.572700 ms MarkObjects: 12.161900 ms  DeleteObjects: 0.130800 ms)

========================================================================
Received Prepare
Registering precompiled user dll's ...
Registered in 0.061912 seconds.
Begin MonoManager ReloadAssembly
Native extension for WindowsStandalone target not found
Refreshing native plugins compatible for Editor in 2.22 ms, found 1 plugins.
Preloading 0 native plugins for Editor in 0.00 ms.
Mono: successfully reloaded assembly
- Completed reload, in  7.694 seconds
Platform modules already initialized, skipping
Script error: OnTriggerEnter2D
This message parameter has to be of type: Collider2D
The message will be ignored.

Refreshing native plugins compatible for Editor in 1.51 ms, found 1 plugins.
Preloading 0 native plugins for Editor in 0.00 ms.
Unloading 2677 Unused Serialized files (Serialized files now loaded: 0)
System memory in use before: 111.8 MB.
System memory in use after: 112.0 MB.

Unloading 10 unused Assets to reduce memory usage. Loaded Objects now: 3181.
Total: 13.591900 ms (FindLiveObjects: 1.042400 ms CreateObjectMapping: 0.772600 ms MarkObjects: 10.476400 ms  DeleteObjects: 1.294700 ms)

========================================================================
Received Prepare
Registering precompiled user dll's ...
Registered in 0.015031 seconds.
Begin MonoManager ReloadAssembly
Native extension for WindowsStandalone target not found
Refreshing native plugins compatible for Editor in 1.64 ms, found 1 plugins.
Preloading 0 native plugins for Editor in 0.00 ms.
Mono: successfully reloaded assembly
- Completed reload, in  4.766 seconds
Platform modules already initialized, skipping
Refreshing native plugins compatible for Editor in 1.34 ms, found 1 plugins.
Preloading 0 native plugins for Editor in 0.00 ms.
Unloading 2677 Unused Serialized files (Serialized files now loaded: 0)
System memory in use before: 111.7 MB.
System memory in use after: 111.9 MB.

Unloading 10 unused Assets to reduce memory usage. Loaded Objects now: 3184.
Total: 5.413400 ms (FindLiveObjects: 0.485800 ms CreateObjectMapping: 0.321100 ms MarkObjects: 4.484100 ms  DeleteObjects: 0.118500 ms)

========================================================================
Received Prepare
Registering precompiled user dll's ...
Registered in 0.024769 seconds.
Begin MonoManager ReloadAssembly
Native extension for WindowsStandalone target not found
Refreshing native plugins compatible for Editor in 2.13 ms, found 1 plugins.
Preloading 0 native plugins for Editor in 0.00 ms.
Mono: successfully reloaded assembly
- Completed reload, in 16.993 seconds
Platform modules already initialized, skipping
Refreshing native plugins compatible for Editor in 4.55 ms, found 1 plugins.
Preloading 0 native plugins for Editor in 0.00 ms.
Unloading 2677 Unused Serialized files (Serialized files now loaded: 0)
System memory in use before: 111.7 MB.
System memory in use after: 111.9 MB.

Unloading 10 unused Assets to reduce memory usage. Loaded Objects now: 3187.
Total: 33.182700 ms (FindLiveObjects: 8.254800 ms CreateObjectMapping: 1.023700 ms MarkObjects: 22.710400 ms  DeleteObjects: 1.182900 ms)

========================================================================
Received Prepare
Registering precompiled user dll's ...
Registered in 0.018828 seconds.
Begin MonoManager ReloadAssembly
Native extension for WindowsStandalone target not found
Refreshing native plugins compatible for Editor in 1.38 ms, found 1 plugins.
Preloading 0 native plugins for Editor in 0.00 ms.
Mono: successfully reloaded assembly
- Completed reload, in  7.909 seconds
Platform modules already initialized, skipping
Refreshing native plugins compatible for Editor in 2.18 ms, found 1 plugins.
Preloading 0 native plugins for Editor in 0.00 ms.
Unloading 2677 Unused Serialized files (Serialized files now loaded: 0)
System memory in use before: 111.7 MB.
System memory in use after: 111.9 MB.

Unloading 10 unused Assets to reduce memory usage. Loaded Objects now: 3190.
Total: 7.672100 ms (FindLiveObjects: 0.983100 ms CreateObjectMapping: 0.433000 ms MarkObjects: 6.100500 ms  DeleteObjects: 0.150300 ms)

========================================================================
Received Prepare
Registering precompiled user dll's ...
Registered in 0.016798 seconds.
Begin MonoManager ReloadAssembly
Native extension for WindowsStandalone target not found
Refreshing native plugins compatible for Editor in 4.44 ms, found 1 plugins.
Preloading 0 native plugins for Editor in 0.00 ms.
Mono: successfully reloaded assembly
- Completed reload, in  7.037 seconds
Platform modules already initialized, skipping
Refreshing native plugins compatible for Editor in 1.68 ms, found 1 plugins.
Preloading 0 native plugins for Editor in 0.00 ms.
Unloading 2677 Unused Serialized files (Serialized files now loaded: 0)
System memory in use before: 111.7 MB.
System memory in use after: 111.9 MB.

Unloading 10 unused Assets to reduce memory usage. Loaded Objects now: 3193.
Total: 5.554200 ms (FindLiveObjects: 0.492700 ms CreateObjectMapping: 0.329700 ms MarkObjects: 4.597100 ms  DeleteObjects: 0.130400 ms)

========================================================================
Received Prepare
Registering precompiled user dll's ...
Registered in 0.030395 seconds.
Begin MonoManager ReloadAssembly
Native extension for WindowsStandalone target not found
Refreshing native plugins compatible for Editor in 3.48 ms, found 1 plugins.
Preloading 0 native plugins for Editor in 0.00 ms.
Mono: successfully reloaded assembly
- Completed reload, in  7.779 seconds
Platform modules already initialized, skipping
Refreshing native plugins compatible for Editor in 4.79 ms, found 1 plugins.
Preloading 0 native plugins for Editor in 0.00 ms.
Unloading 2677 Unused Serialized files (Serialized files now loaded: 0)
System memory in use before: 111.7 MB.
System memory in use after: 111.9 MB.

Unloading 10 unused Assets to reduce memory usage. Loaded Objects now: 3196.
Total: 16.789500 ms (FindLiveObjects: 0.963000 ms CreateObjectMapping: 0.644900 ms MarkObjects: 14.219600 ms  DeleteObjects: 0.954900 ms)

========================================================================
Received Prepare
Registering precompiled user dll's ...
Registered in 0.059496 seconds.
Begin MonoManager ReloadAssembly
Native extension for WindowsStandalone target not found
Refreshing native plugins compatible for Editor in 1.42 ms, found 1 plugins.
Preloading 0 native plugins for Editor in 0.00 ms.
Mono: successfully reloaded assembly
- Completed reload, in  5.204 seconds
Platform modules already initialized, skipping
Refreshing native plugins compatible for Editor in 1.50 ms, found 1 plugins.
Preloading 0 native plugins for Editor in 0.00 ms.
Unloading 2677 Unused Serialized files (Serialized files now loaded: 0)
System memory in use before: 111.7 MB.
System memory in use after: 111.9 MB.

Unloading 10 unused Assets to reduce memory usage. Loaded Objects now: 3199.
Total: 6.561900 ms (FindLiveObjects: 0.489400 ms CreateObjectMapping: 0.423500 ms MarkObjects: 5.523100 ms  DeleteObjects: 0.122300 ms)

========================================================================
Received Prepare
Registering precompiled user dll's ...
Registered in 0.014509 seconds.
Begin MonoManager ReloadAssembly
Native extension for WindowsStandalone target not found
Refreshing native plugins compatible for Editor in 3.42 ms, found 1 plugins.
Preloading 0 native plugins for Editor in 0.00 ms.
Mono: successfully reloaded assembly
- Completed reload, in 12.381 seconds
Platform modules already initialized, skipping
Refreshing native plugins compatible for Editor in 2.86 ms, found 1 plugins.
Preloading 0 native plugins for Editor in 0.00 ms.
Unloading 2677 Unused Serialized files (Serialized files now loaded: 0)
System memory in use before: 111.7 MB.
System memory in use after: 111.9 MB.

Unloading 10 unused Assets to reduce memory usage. Loaded Objects now: 3202.
Total: 12.836300 ms (FindLiveObjects: 0.993600 ms CreateObjectMapping: 1.111800 ms MarkObjects: 9.977500 ms  DeleteObjects: 0.748000 ms)

AssetImportWorkerClient::OnTransportError - code=2 error=End of file
