Using pre-set license
Built from '2021.1/staging' branch; Version is '2021.1.3f1 (4bef613afd59) revision 4976481'; Using compiler version '192528614'; Build Type 'Release'
OS: 'Windows 10 Education; OS build 18363.1916; Version 1909; 64bit' Language: 'pt' Physical Memory: 6055 MB
BatchMode: 1, IsHumanControllingUs: 0, StartBugReporterOnCrash: 0, Is64bit: 1, IsPro: 0

 COMMAND LINE ARGUMENTS:
C:\Program Files\Unity\Hub\Editor\2021.1.3f1\Editor\Unity.exe
-adb2
-batchMode
-noUpm
-name
AssetImportWorker1
-projectPath
C:/Users/Raissa/Desktop/a-boneca-da-nina/A Boneca da Nina
-logFile
Logs/AssetImportWorker1.log
-srvPort
53380
Successfully changed project path to: C:/Users/Raissa/Desktop/a-boneca-da-nina/A Boneca da Nina
C:/Users/Raissa/Desktop/a-boneca-da-nina/A Boneca da Nina
Using Asset Import Pipeline V2.
Refreshing native plugins compatible for Editor in 242.51 ms, found 2 plugins.
Preloading 0 native plugins for Editor in 0.00 ms.
Initialize engine version: 2021.1.3f1 (4bef613afd59)
[Subsystems] Discovering subsystems at path C:/Program Files/Unity/Hub/Editor/2021.1.3f1/Editor/Data/Resources/UnitySubsystems
[Subsystems] Discovering subsystems at path C:/Users/Raissa/Desktop/a-boneca-da-nina/A Boneca da Nina/Assets
GfxDevice: creating device client; threaded=0; jobified=0
Direct3D:
    Version:  Direct3D 11.0 [level 10.1]
    Renderer: Intel(R) HD Graphics 3000 (ID=0x126)
    Vendor:   Intel
    VRAM:     128 MB
    Driver:   9.17.10.4459
Initialize mono
Mono path[0] = 'C:/Program Files/Unity/Hub/Editor/2021.1.3f1/Editor/Data/Managed'
Mono path[1] = 'C:/Program Files/Unity/Hub/Editor/2021.1.3f1/Editor/Data/MonoBleedingEdge/lib/mono/unityjit'
Mono config path = 'C:/Program Files/Unity/Hub/Editor/2021.1.3f1/Editor/Data/MonoBleedingEdge/etc'
Using monoOptions --debugger-agent=transport=dt_socket,embedding=1,server=y,suspend=n,address=127.0.0.1:56284
Begin MonoManager ReloadAssembly
Registering precompiled unity dll's ...
Register platform support module: C:/Program Files/Unity/Hub/Editor/2021.1.3f1/Editor/Data/PlaybackEngines/WindowsStandaloneSupport/UnityEditor.WindowsStandalone.Extensions.dll
Registered in 0.004640 seconds.
Native extension for WindowsStandalone target not found
Refreshing native plugins compatible for Editor in 207.66 ms, found 2 plugins.
Preloading 0 native plugins for Editor in 0.00 ms.
Mono: successfully reloaded assembly
- Completed reload, in  6.479 seconds
Platform modules already initialized, skipping
Registering precompiled user dll's ...
Registered in 0.008647 seconds.
Begin MonoManager ReloadAssembly
Native extension for WindowsStandalone target not found
Refreshing native plugins compatible for Editor in 326.31 ms, found 2 plugins.
Preloading 0 native plugins for Editor in 0.00 ms.
Mono: successfully reloaded assembly
- Completed reload, in  9.215 seconds
Platform modules already initialized, skipping
========================================================================
Worker process is ready to serve import requests
Launched and connected shader compiler UnityShaderCompiler.exe after 0.24 seconds
Refreshing native plugins compatible for Editor in 7.58 ms, found 2 plugins.
Preloading 0 native plugins for Editor in 0.00 ms.
Unloading 3533 Unused Serialized files (Serialized files now loaded: 0)
System memory in use before: 133.1 MB.
System memory in use after: 133.2 MB.

Unloading 30 unused Assets to reduce memory usage. Loaded Objects now: 3987.
Total: 19.018000 ms (FindLiveObjects: 3.131400 ms CreateObjectMapping: 1.023200 ms MarkObjects: 14.048800 ms  DeleteObjects: 0.806900 ms)

========================================================================
Received Import Request.
  path: Assets/Scenes/Level1.unity
  artifactKey: Guid(96faab4a91c41b948ba7562f1a7cf341) Importer(815301076,1909f56bfc062723c751e8b465ee728b)
Start importing Assets/Scenes/Level1.unity using Guid(96faab4a91c41b948ba7562f1a7cf341) Importer(815301076,1909f56bfc062723c751e8b465ee728b)  -> (artifact id: 'f8f2baeb6f5fb42d7876c3e857548cda') in 0.077219 seconds 
========================================================================
Received Import Request.
  Time since last request: 66.426254 seconds.
  path: Assets/Sprites/flor.png
  artifactKey: Guid(6c349e1576a14c74f89991ace62c4b5b) Importer(815301076,1909f56bfc062723c751e8b465ee728b)
Start importing Assets/Sprites/flor.png using Guid(6c349e1576a14c74f89991ace62c4b5b) Importer(815301076,1909f56bfc062723c751e8b465ee728b)  -> (artifact id: 'c88db0d657ec009cee1bc25bc3189118') in 0.414108 seconds 
========================================================================
Received Import Request.
  Time since last request: 0.672240 seconds.
  path: Assets/Sprites/mae.png
  artifactKey: Guid(ca26238ac81c76441adc93827824c1e6) Importer(815301076,1909f56bfc062723c751e8b465ee728b)
Start importing Assets/Sprites/mae.png using Guid(ca26238ac81c76441adc93827824c1e6) Importer(815301076,1909f56bfc062723c751e8b465ee728b)  -> (artifact id: '42b287052ff7c77e9f6b7f588d7aaf16') in 0.045588 seconds 
========================================================================
Received Import Request.
  Time since last request: 0.000487 seconds.
  path: Assets/Sprites/nina.png
  artifactKey: Guid(b472ccf7757793c429674f8ac6f9b985) Importer(815301076,1909f56bfc062723c751e8b465ee728b)
Start importing Assets/Sprites/nina.png using Guid(b472ccf7757793c429674f8ac6f9b985) Importer(815301076,1909f56bfc062723c751e8b465ee728b)  -> (artifact id: 'a06bcbeb56cee87e0d16eae78e8ff8f5') in 0.055662 seconds 
========================================================================
Received Import Request.
  Time since last request: 0.331390 seconds.
  path: Assets/Sprites/pedra.png
  artifactKey: Guid(4e22708fa3054604a950737f424cc29f) Importer(815301076,1909f56bfc062723c751e8b465ee728b)
Start importing Assets/Sprites/pedra.png using Guid(4e22708fa3054604a950737f424cc29f) Importer(815301076,1909f56bfc062723c751e8b465ee728b)  -> (artifact id: 'adfd073b52041da42988bcda5b290f2b') in 0.118490 seconds 
========================================================================
Received Prepare
Registering precompiled user dll's ...
Registered in 0.010409 seconds.
Begin MonoManager ReloadAssembly
Native extension for WindowsStandalone target not found
Refreshing native plugins compatible for Editor in 1.59 ms, found 2 plugins.
Preloading 0 native plugins for Editor in 0.00 ms.
Mono: successfully reloaded assembly
- Completed reload, in  7.814 seconds
Platform modules already initialized, skipping
Refreshing native plugins compatible for Editor in 1.41 ms, found 2 plugins.
Preloading 0 native plugins for Editor in 0.00 ms.
Unloading 3530 Unused Serialized files (Serialized files now loaded: 0)
System memory in use before: 141.0 MB.
System memory in use after: 141.1 MB.

Unloading 18 unused Assets to reduce memory usage. Loaded Objects now: 4063.
Total: 16.413400 ms (FindLiveObjects: 1.331200 ms CreateObjectMapping: 0.606300 ms MarkObjects: 13.877700 ms  DeleteObjects: 0.594300 ms)

========================================================================
Received Prepare
Registering precompiled user dll's ...
Registered in 0.009720 seconds.
Begin MonoManager ReloadAssembly
Native extension for WindowsStandalone target not found
Refreshing native plugins compatible for Editor in 1.30 ms, found 2 plugins.
Preloading 0 native plugins for Editor in 0.00 ms.
Mono: successfully reloaded assembly
- Completed reload, in  7.433 seconds
Platform modules already initialized, skipping
Refreshing native plugins compatible for Editor in 1.36 ms, found 2 plugins.
Preloading 0 native plugins for Editor in 0.00 ms.
Unloading 3526 Unused Serialized files (Serialized files now loaded: 0)
System memory in use before: 140.9 MB.
System memory in use after: 141.0 MB.

Unloading 18 unused Assets to reduce memory usage. Loaded Objects now: 4067.
Total: 5.899400 ms (FindLiveObjects: 0.816700 ms CreateObjectMapping: 0.458700 ms MarkObjects: 4.332300 ms  DeleteObjects: 0.288100 ms)

========================================================================
Received Prepare
Registering precompiled user dll's ...
Registered in 0.016972 seconds.
Begin MonoManager ReloadAssembly
Native extension for WindowsStandalone target not found
Refreshing native plugins compatible for Editor in 1.95 ms, found 2 plugins.
Preloading 0 native plugins for Editor in 0.00 ms.
Mono: successfully reloaded assembly
- Completed reload, in  6.846 seconds
Platform modules already initialized, skipping
Refreshing native plugins compatible for Editor in 2.31 ms, found 2 plugins.
Preloading 0 native plugins for Editor in 0.00 ms.
Unloading 3526 Unused Serialized files (Serialized files now loaded: 0)
System memory in use before: 141.0 MB.
System memory in use after: 141.1 MB.

Unloading 18 unused Assets to reduce memory usage. Loaded Objects now: 4071.
Total: 7.362800 ms (FindLiveObjects: 0.627000 ms CreateObjectMapping: 0.450200 ms MarkObjects: 6.005500 ms  DeleteObjects: 0.276400 ms)

========================================================================
Received Prepare
Registering precompiled user dll's ...
Registered in 0.008442 seconds.
Begin MonoManager ReloadAssembly
Native extension for WindowsStandalone target not found
Refreshing native plugins compatible for Editor in 6.65 ms, found 2 plugins.
Preloading 0 native plugins for Editor in 0.00 ms.
Mono: successfully reloaded assembly
- Completed reload, in  6.832 seconds
Platform modules already initialized, skipping
Refreshing native plugins compatible for Editor in 1.20 ms, found 2 plugins.
Preloading 0 native plugins for Editor in 0.00 ms.
Unloading 3526 Unused Serialized files (Serialized files now loaded: 0)
System memory in use before: 141.0 MB.
System memory in use after: 141.1 MB.

Unloading 18 unused Assets to reduce memory usage. Loaded Objects now: 4075.
Total: 4.655000 ms (FindLiveObjects: 0.408100 ms CreateObjectMapping: 0.236900 ms MarkObjects: 3.834100 ms  DeleteObjects: 0.173500 ms)

========================================================================
Received Prepare
Registering precompiled user dll's ...
Registered in 0.012455 seconds.
Begin MonoManager ReloadAssembly
Native extension for WindowsStandalone target not found
Refreshing native plugins compatible for Editor in 3.16 ms, found 2 plugins.
Preloading 0 native plugins for Editor in 0.00 ms.
Mono: successfully reloaded assembly
- Completed reload, in 10.607 seconds
Platform modules already initialized, skipping
Refreshing native plugins compatible for Editor in 1.22 ms, found 2 plugins.
Preloading 0 native plugins for Editor in 0.00 ms.
Unloading 3526 Unused Serialized files (Serialized files now loaded: 0)
System memory in use before: 141.0 MB.
System memory in use after: 141.2 MB.

Unloading 18 unused Assets to reduce memory usage. Loaded Objects now: 4079.
Total: 6.114100 ms (FindLiveObjects: 0.419400 ms CreateObjectMapping: 0.230000 ms MarkObjects: 5.185500 ms  DeleteObjects: 0.276500 ms)

========================================================================
Received Prepare
Registering precompiled user dll's ...
Registered in 0.011871 seconds.
Begin MonoManager ReloadAssembly
Native extension for WindowsStandalone target not found
Refreshing native plugins compatible for Editor in 1.26 ms, found 2 plugins.
Preloading 0 native plugins for Editor in 0.00 ms.
Mono: successfully reloaded assembly
- Completed reload, in  7.289 seconds
Platform modules already initialized, skipping
Refreshing native plugins compatible for Editor in 1.28 ms, found 2 plugins.
Preloading 0 native plugins for Editor in 0.00 ms.
Unloading 3526 Unused Serialized files (Serialized files now loaded: 0)
System memory in use before: 141.1 MB.
System memory in use after: 141.2 MB.

Unloading 18 unused Assets to reduce memory usage. Loaded Objects now: 4083.
Total: 5.041200 ms (FindLiveObjects: 0.522700 ms CreateObjectMapping: 0.299900 ms MarkObjects: 3.997700 ms  DeleteObjects: 0.217000 ms)

========================================================================
Received Import Request.
  Time since last request: 889.925351 seconds.
  path: Assets/Scripts/Follow.cs
  artifactKey: Guid(a9d854a2dec6a6447aeec325f54dac56) Importer(815301076,1909f56bfc062723c751e8b465ee728b)
Start importing Assets/Scripts/Follow.cs using Guid(a9d854a2dec6a6447aeec325f54dac56) Importer(815301076,1909f56bfc062723c751e8b465ee728b)  -> (artifact id: '2c298568f2a85241de105df2e66b18dd') in 0.089954 seconds 
========================================================================
Received Prepare
Registering precompiled user dll's ...
Registered in 0.018946 seconds.
Begin MonoManager ReloadAssembly
Native extension for WindowsStandalone target not found
Refreshing native plugins compatible for Editor in 4.15 ms, found 2 plugins.
Preloading 0 native plugins for Editor in 0.00 ms.
Mono: successfully reloaded assembly
- Completed reload, in 10.406 seconds
Platform modules already initialized, skipping
Refreshing native plugins compatible for Editor in 1.90 ms, found 2 plugins.
Preloading 0 native plugins for Editor in 0.00 ms.
Unloading 3526 Unused Serialized files (Serialized files now loaded: 0)
System memory in use before: 141.1 MB.
System memory in use after: 141.2 MB.

Unloading 18 unused Assets to reduce memory usage. Loaded Objects now: 4087.
Total: 14.201500 ms (FindLiveObjects: 0.937200 ms CreateObjectMapping: 0.685800 ms MarkObjects: 11.820100 ms  DeleteObjects: 0.753500 ms)

========================================================================
Received Prepare
Registering precompiled user dll's ...
Registered in 0.029893 seconds.
Begin MonoManager ReloadAssembly
Native extension for WindowsStandalone target not found
Refreshing native plugins compatible for Editor in 1.22 ms, found 2 plugins.
Preloading 0 native plugins for Editor in 0.00 ms.
Mono: successfully reloaded assembly
- Completed reload, in  6.105 seconds
Platform modules already initialized, skipping
Refreshing native plugins compatible for Editor in 1.83 ms, found 2 plugins.
Preloading 0 native plugins for Editor in 0.00 ms.
Unloading 3526 Unused Serialized files (Serialized files now loaded: 0)
System memory in use before: 141.1 MB.
System memory in use after: 141.2 MB.

Unloading 18 unused Assets to reduce memory usage. Loaded Objects now: 4091.
Total: 5.461900 ms (FindLiveObjects: 0.904500 ms CreateObjectMapping: 0.527100 ms MarkObjects: 3.861800 ms  DeleteObjects: 0.165700 ms)

========================================================================
Received Prepare
Registering precompiled user dll's ...
Registered in 0.011279 seconds.
Begin MonoManager ReloadAssembly
Native extension for WindowsStandalone target not found
Refreshing native plugins compatible for Editor in 3.14 ms, found 2 plugins.
Preloading 0 native plugins for Editor in 0.00 ms.
Mono: successfully reloaded assembly
- Completed reload, in  9.975 seconds
Platform modules already initialized, skipping
Refreshing native plugins compatible for Editor in 2.29 ms, found 2 plugins.
Preloading 0 native plugins for Editor in 0.00 ms.
Unloading 3526 Unused Serialized files (Serialized files now loaded: 0)
System memory in use before: 141.1 MB.
System memory in use after: 141.2 MB.

Unloading 18 unused Assets to reduce memory usage. Loaded Objects now: 4095.
Total: 6.577500 ms (FindLiveObjects: 0.599300 ms CreateObjectMapping: 0.401500 ms MarkObjects: 5.394500 ms  DeleteObjects: 0.179300 ms)

========================================================================
Received Prepare
Registering precompiled user dll's ...
Registered in 0.016954 seconds.
Begin MonoManager ReloadAssembly
Native extension for WindowsStandalone target not found
Refreshing native plugins compatible for Editor in 1.73 ms, found 2 plugins.
Preloading 0 native plugins for Editor in 0.00 ms.
Mono: successfully reloaded assembly
- Completed reload, in 13.293 seconds
Platform modules already initialized, skipping
Refreshing native plugins compatible for Editor in 2.22 ms, found 2 plugins.
Preloading 0 native plugins for Editor in 0.00 ms.
Unloading 3526 Unused Serialized files (Serialized files now loaded: 0)
System memory in use before: 141.1 MB.
System memory in use after: 141.2 MB.

Unloading 18 unused Assets to reduce memory usage. Loaded Objects now: 4099.
Total: 11.107000 ms (FindLiveObjects: 0.869900 ms CreateObjectMapping: 0.515700 ms MarkObjects: 9.404800 ms  DeleteObjects: 0.310700 ms)

========================================================================
Received Import Request.
  Time since last request: 496.998277 seconds.
  path: Assets/Sprites/flor.png
  artifactKey: Guid(6c349e1576a14c74f89991ace62c4b5b) Importer(815301076,1909f56bfc062723c751e8b465ee728b)
Start importing Assets/Sprites/flor.png using Guid(6c349e1576a14c74f89991ace62c4b5b) Importer(815301076,1909f56bfc062723c751e8b465ee728b)  -> (artifact id: 'f30c4a34e282883e23cd1cb97fe20fe9') in 0.196512 seconds 
========================================================================
Received Import Request.
  Time since last request: 0.292401 seconds.
  path: Assets/Sprites/mae.png
  artifactKey: Guid(ca26238ac81c76441adc93827824c1e6) Importer(815301076,1909f56bfc062723c751e8b465ee728b)
Start importing Assets/Sprites/mae.png using Guid(ca26238ac81c76441adc93827824c1e6) Importer(815301076,1909f56bfc062723c751e8b465ee728b)  -> (artifact id: '01a77a91cf4d8a2320f6151019e3634e') in 0.046199 seconds 
========================================================================
Received Import Request.
  Time since last request: 0.000652 seconds.
  path: Assets/Sprites/nina.png
  artifactKey: Guid(b472ccf7757793c429674f8ac6f9b985) Importer(815301076,1909f56bfc062723c751e8b465ee728b)
Start importing Assets/Sprites/nina.png using Guid(b472ccf7757793c429674f8ac6f9b985) Importer(815301076,1909f56bfc062723c751e8b465ee728b)  -> (artifact id: 'fb7c47e1edd2e7f8d04d1cd85ff66e45') in 0.062818 seconds 
========================================================================
Received Prepare
Registering precompiled user dll's ...
Registered in 0.028859 seconds.
Begin MonoManager ReloadAssembly
Native extension for WindowsStandalone target not found
Refreshing native plugins compatible for Editor in 3.92 ms, found 2 plugins.
Preloading 0 native plugins for Editor in 0.00 ms.
Mono: successfully reloaded assembly
- Completed reload, in 17.865 seconds
Platform modules already initialized, skipping
Refreshing native plugins compatible for Editor in 2.50 ms, found 2 plugins.
Preloading 0 native plugins for Editor in 0.00 ms.
Unloading 3526 Unused Serialized files (Serialized files now loaded: 0)
System memory in use before: 142.3 MB.
System memory in use after: 142.4 MB.

Unloading 18 unused Assets to reduce memory usage. Loaded Objects now: 4150.
Total: 7.401900 ms (FindLiveObjects: 0.635500 ms CreateObjectMapping: 0.466400 ms MarkObjects: 6.020700 ms  DeleteObjects: 0.275500 ms)

========================================================================
Received Prepare
Registering precompiled user dll's ...
Registered in 0.011790 seconds.
Begin MonoManager ReloadAssembly
Native extension for WindowsStandalone target not found
Refreshing native plugins compatible for Editor in 1.60 ms, found 2 plugins.
Preloading 0 native plugins for Editor in 0.00 ms.
Mono: successfully reloaded assembly
- Completed reload, in  9.650 seconds
Platform modules already initialized, skipping
Refreshing native plugins compatible for Editor in 1.61 ms, found 2 plugins.
Preloading 0 native plugins for Editor in 0.00 ms.
Unloading 3526 Unused Serialized files (Serialized files now loaded: 0)
System memory in use before: 142.3 MB.
System memory in use after: 142.4 MB.

Unloading 18 unused Assets to reduce memory usage. Loaded Objects now: 4154.
Total: 6.133100 ms (FindLiveObjects: 0.494300 ms CreateObjectMapping: 0.567000 ms MarkObjects: 4.799200 ms  DeleteObjects: 0.269500 ms)

========================================================================
Received Prepare
Registering precompiled user dll's ...
Registered in 0.008518 seconds.
Begin MonoManager ReloadAssembly
Native extension for WindowsStandalone target not found
Refreshing native plugins compatible for Editor in 1.20 ms, found 2 plugins.
Preloading 0 native plugins for Editor in 0.00 ms.
Mono: successfully reloaded assembly
- Completed reload, in  7.107 seconds
Platform modules already initialized, skipping
Refreshing native plugins compatible for Editor in 1.72 ms, found 2 plugins.
Preloading 0 native plugins for Editor in 0.00 ms.
Unloading 3526 Unused Serialized files (Serialized files now loaded: 0)
System memory in use before: 142.3 MB.
System memory in use after: 142.4 MB.

Unloading 18 unused Assets to reduce memory usage. Loaded Objects now: 4158.
Total: 6.198700 ms (FindLiveObjects: 0.449600 ms CreateObjectMapping: 0.248600 ms MarkObjects: 5.184800 ms  DeleteObjects: 0.312800 ms)

AssetImportWorkerClient::OnTransportError - code=2 error=End of file
