Using pre-set license
Built from '2021.1/staging' branch; Version is '2021.1.3f1 (4bef613afd59) revision 4976481'; Using compiler version '192528614'; Build Type 'Release'
OS: 'Windows 10 Education; OS build 18363.1854; Version 1909; 64bit' Language: 'pt' Physical Memory: 6055 MB
BatchMode: 1, IsHumanControllingUs: 0, StartBugReporterOnCrash: 0, Is64bit: 1, IsPro: 0

 COMMAND LINE ARGUMENTS:
C:\Program Files\Unity\Hub\Editor\2021.1.3f1\Editor\Unity.exe
-adb2
-batchMode
-noUpm
-name
AssetImportWorker3
-projectPath
C:/Users/Raissa/Documents/Unisinos/Projeto Final 1/a-boneca-da-nina/A Boneca da Nina
-logFile
Logs/AssetImportWorker3.log
-srvPort
51029
Successfully changed project path to: C:/Users/Raissa/Documents/Unisinos/Projeto Final 1/a-boneca-da-nina/A Boneca da Nina
C:/Users/Raissa/Documents/Unisinos/Projeto Final 1/a-boneca-da-nina/A Boneca da Nina
Using Asset Import Pipeline V2.
Refreshing native plugins compatible for Editor in 810.57 ms, found 2 plugins.
Preloading 0 native plugins for Editor in 0.00 ms.
Initialize engine version: 2021.1.3f1 (4bef613afd59)
[Subsystems] Discovering subsystems at path C:/Program Files/Unity/Hub/Editor/2021.1.3f1/Editor/Data/Resources/UnitySubsystems
[Subsystems] Discovering subsystems at path C:/Users/Raissa/Documents/Unisinos/Projeto Final 1/a-boneca-da-nina/A Boneca da Nina/Assets
GfxDevice: creating device client; threaded=0; jobified=0
Direct3D:
    Version:  Direct3D 11.0 [level 10.1]
    Renderer: Intel(R) HD Graphics 3000 (ID=0x126)
    Vendor:   Intel
    VRAM:     128 MB
    Driver:   9.17.10.4459
Initialize mono
Mono path[0] = 'C:/Program Files/Unity/Hub/Editor/2021.1.3f1/Editor/Data/Managed'
Mono path[1] = 'C:/Program Files/Unity/Hub/Editor/2021.1.3f1/Editor/Data/MonoBleedingEdge/lib/mono/unityjit'
Mono config path = 'C:/Program Files/Unity/Hub/Editor/2021.1.3f1/Editor/Data/MonoBleedingEdge/etc'
Using monoOptions --debugger-agent=transport=dt_socket,embedding=1,server=y,suspend=n,address=127.0.0.1:56240
Begin MonoManager ReloadAssembly
Registering precompiled unity dll's ...
Register platform support module: C:/Program Files/Unity/Hub/Editor/2021.1.3f1/Editor/Data/PlaybackEngines/WindowsStandaloneSupport/UnityEditor.WindowsStandalone.Extensions.dll
Registered in 0.010470 seconds.
Native extension for WindowsStandalone target not found
Refreshing native plugins compatible for Editor in 467.80 ms, found 2 plugins.
Preloading 0 native plugins for Editor in 0.00 ms.
Mono: successfully reloaded assembly
- Completed reload, in 10.329 seconds
Platform modules already initialized, skipping
Registering precompiled user dll's ...
Registered in 0.023110 seconds.
Begin MonoManager ReloadAssembly
Native extension for WindowsStandalone target not found
Refreshing native plugins compatible for Editor in 314.98 ms, found 2 plugins.
Preloading 0 native plugins for Editor in 0.00 ms.
Mono: successfully reloaded assembly
- Completed reload, in  6.695 seconds
Platform modules already initialized, skipping
========================================================================
Worker process is ready to serve import requests
Launched and connected shader compiler UnityShaderCompiler.exe after 0.14 seconds
Refreshing native plugins compatible for Editor in 2.71 ms, found 2 plugins.
Preloading 0 native plugins for Editor in 0.00 ms.
Unloading 3388 Unused Serialized files (Serialized files now loaded: 0)
System memory in use before: 129.6 MB.
System memory in use after: 129.7 MB.

Unloading 29 unused Assets to reduce memory usage. Loaded Objects now: 3841.
Total: 14.404500 ms (FindLiveObjects: 1.035800 ms CreateObjectMapping: 1.081600 ms MarkObjects: 11.699000 ms  DeleteObjects: 0.581100 ms)

========================================================================
Received Import Request.
  path: Assets/Materials/Slippery.physicMaterial
  artifactKey: Guid(58afe12dcd1a5d24da89b151696dacb4) Importer(815301076,1909f56bfc062723c751e8b465ee728b)
Start importing Assets/Materials/Slippery.physicMaterial using Guid(58afe12dcd1a5d24da89b151696dacb4) Importer(815301076,1909f56bfc062723c751e8b465ee728b)  -> (artifact id: '0f7c743e9d74a7ca8cf2773c5bf60d4b') in 0.416759 seconds 
========================================================================
Received Import Request.
  Time since last request: 0.001182 seconds.
  path: Assets/Materials
  artifactKey: Guid(9b7cf2564878c6c46bc1718aaedf4532) Importer(815301076,1909f56bfc062723c751e8b465ee728b)
Start importing Assets/Materials using Guid(9b7cf2564878c6c46bc1718aaedf4532) Importer(815301076,1909f56bfc062723c751e8b465ee728b)  -> (artifact id: '88bdfb742c981cfd75cfaeafd02155d4') in 0.210898 seconds 
========================================================================
Received Import Request.
  Time since last request: 55.990605 seconds.
  path: Assets/Materials/Slippery.physicsMaterial2D
  artifactKey: Guid(cba4f2228da13cf4097473478c7a3713) Importer(815301076,1909f56bfc062723c751e8b465ee728b)
Start importing Assets/Materials/Slippery.physicsMaterial2D using Guid(cba4f2228da13cf4097473478c7a3713) Importer(815301076,1909f56bfc062723c751e8b465ee728b)  -> (artifact id: 'a49cc0f44aafa2a274ce4f39abbed778') in 0.072599 seconds 
========================================================================
Received Prepare
Registering precompiled user dll's ...
Registered in 0.034475 seconds.
Begin MonoManager ReloadAssembly
Native extension for WindowsStandalone target not found
Refreshing native plugins compatible for Editor in 2.44 ms, found 2 plugins.
Preloading 0 native plugins for Editor in 0.00 ms.
Mono: successfully reloaded assembly
- Completed reload, in  6.402 seconds
Platform modules already initialized, skipping
Refreshing native plugins compatible for Editor in 2.72 ms, found 2 plugins.
Preloading 0 native plugins for Editor in 0.00 ms.
Unloading 3383 Unused Serialized files (Serialized files now loaded: 0)
System memory in use before: 129.6 MB.
System memory in use after: 129.7 MB.

Unloading 17 unused Assets to reduce memory usage. Loaded Objects now: 3845.
Total: 13.066500 ms (FindLiveObjects: 1.194300 ms CreateObjectMapping: 0.644900 ms MarkObjects: 10.610100 ms  DeleteObjects: 0.611200 ms)

========================================================================
Received Prepare
Registering precompiled user dll's ...
Registered in 0.025719 seconds.
Begin MonoManager ReloadAssembly
Native extension for WindowsStandalone target not found
Refreshing native plugins compatible for Editor in 2.65 ms, found 2 plugins.
Preloading 0 native plugins for Editor in 0.00 ms.
Mono: successfully reloaded assembly
- Completed reload, in  5.654 seconds
Platform modules already initialized, skipping
Refreshing native plugins compatible for Editor in 1.94 ms, found 2 plugins.
Preloading 0 native plugins for Editor in 0.00 ms.
Unloading 3383 Unused Serialized files (Serialized files now loaded: 0)
System memory in use before: 129.7 MB.
System memory in use after: 129.8 MB.

Unloading 17 unused Assets to reduce memory usage. Loaded Objects now: 3849.
Total: 7.699500 ms (FindLiveObjects: 0.672400 ms CreateObjectMapping: 0.387300 ms MarkObjects: 6.327600 ms  DeleteObjects: 0.307800 ms)

========================================================================
Received Import Request.
  Time since last request: 165.550178 seconds.
  path: Assets/Materials/Slippery.physicsMaterial2D
  artifactKey: Guid(cba4f2228da13cf4097473478c7a3713) Importer(815301076,1909f56bfc062723c751e8b465ee728b)
Start importing Assets/Materials/Slippery.physicsMaterial2D using Guid(cba4f2228da13cf4097473478c7a3713) Importer(815301076,1909f56bfc062723c751e8b465ee728b)  -> (artifact id: '891b8c0514e652e46ad4110e128843b3') in 0.180109 seconds 
AssetImportWorkerClient::OnTransportError - code=2 error=End of file
