Using pre-set license
Built from '2021.1/staging' branch; Version is '2021.1.3f1 (4bef613afd59) revision 4976481'; Using compiler version '192528614'; Build Type 'Release'
OS: 'Windows 10 Education; OS build 18363.1916; Version 1909; 64bit' Language: 'pt' Physical Memory: 6055 MB
BatchMode: 1, IsHumanControllingUs: 0, StartBugReporterOnCrash: 0, Is64bit: 1, IsPro: 0

 COMMAND LINE ARGUMENTS:
C:\Program Files\Unity\Hub\Editor\2021.1.3f1\Editor\Unity.exe
-adb2
-batchMode
-noUpm
-name
AssetImportWorker72
-projectPath
C:/Users/Raissa/Documents/Unisinos/Projeto Final 1/a-boneca-da-nina/A Boneca da Nina
-logFile
Logs/AssetImportWorker72.log
-srvPort
59772
Successfully changed project path to: C:/Users/Raissa/Documents/Unisinos/Projeto Final 1/a-boneca-da-nina/A Boneca da Nina
C:/Users/Raissa/Documents/Unisinos/Projeto Final 1/a-boneca-da-nina/A Boneca da Nina
Using Asset Import Pipeline V2.
Refreshing native plugins compatible for Editor in 14758.25 ms, found 2 plugins.
Preloading 0 native plugins for Editor in 0.00 ms.
Initialize engine version: 2021.1.3f1 (4bef613afd59)
[Subsystems] Discovering subsystems at path C:/Program Files/Unity/Hub/Editor/2021.1.3f1/Editor/Data/Resources/UnitySubsystems
[Subsystems] Discovering subsystems at path C:/Users/Raissa/Documents/Unisinos/Projeto Final 1/a-boneca-da-nina/A Boneca da Nina/Assets
GfxDevice: creating device client; threaded=0; jobified=0
