Using pre-set license
Built from '2021.1/staging' branch; Version is '2021.1.3f1 (4bef613afd59) revision 4976481'; Using compiler version '192528614'; Build Type 'Release'
OS: 'Windows 10 Education; OS build 18363.1916; Version 1909; 64bit' Language: 'pt' Physical Memory: 6055 MB
BatchMode: 1, IsHumanControllingUs: 0, StartBugReporterOnCrash: 0, Is64bit: 1, IsPro: 0

 COMMAND LINE ARGUMENTS:
C:\Program Files\Unity\Hub\Editor\2021.1.3f1\Editor\Unity.exe
-adb2
-batchMode
-noUpm
-name
AssetImportWorker6
-projectPath
C:/Users/Raissa/Desktop/a-boneca-da-nina/A Boneca da Nina
-logFile
Logs/AssetImportWorker6.log
-srvPort
61371
Successfully changed project path to: C:/Users/Raissa/Desktop/a-boneca-da-nina/A Boneca da Nina
C:/Users/Raissa/Desktop/a-boneca-da-nina/A Boneca da Nina
Using Asset Import Pipeline V2.
Refreshing native plugins compatible for Editor in 907.16 ms, found 2 plugins.
Preloading 0 native plugins for Editor in 0.00 ms.
Initialize engine version: 2021.1.3f1 (4bef613afd59)
[Subsystems] Discovering subsystems at path C:/Program Files/Unity/Hub/Editor/2021.1.3f1/Editor/Data/Resources/UnitySubsystems
[Subsystems] Discovering subsystems at path C:/Users/Raissa/Desktop/a-boneca-da-nina/A Boneca da Nina/Assets
GfxDevice: creating device client; threaded=0; jobified=0
Direct3D:
    Version:  Direct3D 11.0 [level 10.1]
    Renderer: Intel(R) HD Graphics 3000 (ID=0x126)
    Vendor:   Intel
    VRAM:     128 MB
    Driver:   9.17.10.4459
Initialize mono
Mono path[0] = 'C:/Program Files/Unity/Hub/Editor/2021.1.3f1/Editor/Data/Managed'
Mono path[1] = 'C:/Program Files/Unity/Hub/Editor/2021.1.3f1/Editor/Data/MonoBleedingEdge/lib/mono/unityjit'
Mono config path = 'C:/Program Files/Unity/Hub/Editor/2021.1.3f1/Editor/Data/MonoBleedingEdge/etc'
Using monoOptions --debugger-agent=transport=dt_socket,embedding=1,server=y,suspend=n,address=127.0.0.1:56508
Begin MonoManager ReloadAssembly
Registering precompiled unity dll's ...
Register platform support module: C:/Program Files/Unity/Hub/Editor/2021.1.3f1/Editor/Data/PlaybackEngines/WindowsStandaloneSupport/UnityEditor.WindowsStandalone.Extensions.dll
Registered in 0.007331 seconds.
Native extension for WindowsStandalone target not found
Refreshing native plugins compatible for Editor in 582.91 ms, found 2 plugins.
Preloading 0 native plugins for Editor in 0.00 ms.
Mono: successfully reloaded assembly
- Completed reload, in  6.858 seconds
Platform modules already initialized, skipping
Registering precompiled user dll's ...
Registered in 0.016466 seconds.
Begin MonoManager ReloadAssembly
Native extension for WindowsStandalone target not found
Refreshing native plugins compatible for Editor in 489.02 ms, found 2 plugins.
Preloading 0 native plugins for Editor in 0.00 ms.
Mono: successfully reloaded assembly
- Completed reload, in 11.848 seconds
Platform modules already initialized, skipping
========================================================================
Worker process is ready to serve import requests
Launched and connected shader compiler UnityShaderCompiler.exe after 0.26 seconds
Refreshing native plugins compatible for Editor in 3.69 ms, found 2 plugins.
Preloading 0 native plugins for Editor in 0.00 ms.
Unloading 3518 Unused Serialized files (Serialized files now loaded: 0)
System memory in use before: 132.6 MB.
System memory in use after: 132.7 MB.

Unloading 30 unused Assets to reduce memory usage. Loaded Objects now: 3972.
Total: 14.114000 ms (FindLiveObjects: 1.071500 ms CreateObjectMapping: 0.647200 ms MarkObjects: 11.741200 ms  DeleteObjects: 0.648700 ms)

========================================================================
Received Import Request.
  path: Assets/Scenes/Cutscene1.unity
  artifactKey: Guid(934c03418b58ec241b5446989efd82e0) Importer(815301076,1909f56bfc062723c751e8b465ee728b)
Start importing Assets/Scenes/Cutscene1.unity using Guid(934c03418b58ec241b5446989efd82e0) Importer(815301076,1909f56bfc062723c751e8b465ee728b)  -> (artifact id: '76dac071d086ab584888cb24315e9477') in 0.213105 seconds 
========================================================================
Received Prepare
Registering precompiled user dll's ...
Registered in 0.013345 seconds.
Begin MonoManager ReloadAssembly
Native extension for WindowsStandalone target not found
Refreshing native plugins compatible for Editor in 2.83 ms, found 2 plugins.
Preloading 0 native plugins for Editor in 0.00 ms.
Mono: successfully reloaded assembly
- Completed reload, in  8.019 seconds
Platform modules already initialized, skipping
Refreshing native plugins compatible for Editor in 3.00 ms, found 2 plugins.
Preloading 0 native plugins for Editor in 0.00 ms.
Unloading 3512 Unused Serialized files (Serialized files now loaded: 0)
System memory in use before: 132.6 MB.
System memory in use after: 132.7 MB.

Unloading 18 unused Assets to reduce memory usage. Loaded Objects now: 3976.
Total: 7.490400 ms (FindLiveObjects: 0.606200 ms CreateObjectMapping: 0.477000 ms MarkObjects: 6.135800 ms  DeleteObjects: 0.267800 ms)

========================================================================
Received Prepare
Registering precompiled user dll's ...
Registered in 0.063152 seconds.
Begin MonoManager ReloadAssembly
Native extension for WindowsStandalone target not found
Refreshing native plugins compatible for Editor in 3.28 ms, found 2 plugins.
Preloading 0 native plugins for Editor in 0.00 ms.
Mono: successfully reloaded assembly
- Completed reload, in 17.443 seconds
Platform modules already initialized, skipping
Refreshing native plugins compatible for Editor in 7.45 ms, found 2 plugins.
Preloading 0 native plugins for Editor in 0.00 ms.
Unloading 3512 Unused Serialized files (Serialized files now loaded: 0)
System memory in use before: 132.6 MB.
System memory in use after: 132.7 MB.

Unloading 18 unused Assets to reduce memory usage. Loaded Objects now: 3980.
Total: 142.368000 ms (FindLiveObjects: 42.866000 ms CreateObjectMapping: 76.467000 ms MarkObjects: 21.493500 ms  DeleteObjects: 1.453500 ms)

========================================================================
Received Import Request.
  Time since last request: 224.603014 seconds.
  path: Assets/3rdParty/Cinemachine/Base/Editor/Resources/cm_logo_sm.png
  artifactKey: Guid(5f2a108eb023faf43a809979fd3d38f2) Importer(815301076,1909f56bfc062723c751e8b465ee728b)
Start importing Assets/3rdParty/Cinemachine/Base/Editor/Resources/cm_logo_sm.png using Guid(5f2a108eb023faf43a809979fd3d38f2) Importer(815301076,1909f56bfc062723c751e8b465ee728b)  -> (artifact id: '36fd69c76962b2aea1c332d92c4ada42') in 0.952090 seconds 
========================================================================
Received Import Request.
  Time since last request: 0.000720 seconds.
  path: Assets/Sprites/Cutscenes/Cutscene1/CUTSCENE_1_1.png
  artifactKey: Guid(59637e5e47e3d62439406d426ba8551b) Importer(815301076,1909f56bfc062723c751e8b465ee728b)
Start importing Assets/Sprites/Cutscenes/Cutscene1/CUTSCENE_1_1.png using Guid(59637e5e47e3d62439406d426ba8551b) Importer(815301076,1909f56bfc062723c751e8b465ee728b)  -> (artifact id: '75708467728d8b3daf9537d1f4e9e6ed') in 0.557736 seconds 
========================================================================
Received Import Request.
  Time since last request: 0.001211 seconds.
  path: Assets/Sprites/Cutscenes/Cutscene1/CUTSCENE_1_3.png
  artifactKey: Guid(0b6b5421ea6b720448f52c1c7537ac3e) Importer(815301076,1909f56bfc062723c751e8b465ee728b)
Start importing Assets/Sprites/Cutscenes/Cutscene1/CUTSCENE_1_3.png using Guid(0b6b5421ea6b720448f52c1c7537ac3e) Importer(815301076,1909f56bfc062723c751e8b465ee728b)  -> (artifact id: '40a8e716985b40f9ade12cb544d65813') in 0.338357 seconds 
========================================================================
Received Import Request.
  Time since last request: 0.001073 seconds.
  path: Assets/Fonts/IndieFlower.ttf
  artifactKey: Guid(dd6ca5ddc0a778843bc3fbf450e6daf6) Importer(815301076,1909f56bfc062723c751e8b465ee728b)
Start importing Assets/Fonts/IndieFlower.ttf using Guid(dd6ca5ddc0a778843bc3fbf450e6daf6) Importer(815301076,1909f56bfc062723c751e8b465ee728b)  -> (artifact id: '78dfacd0ed08a489dc93fda2c9a5fc11') in 1.166614 seconds 
========================================================================
Received Import Request.
  Time since last request: 0.000835 seconds.
  path: Assets/Sprites/Cutscenes/Cutscene1/CUTSCENE_1_5.png
  artifactKey: Guid(9c8c6f3de509e044f8d1b5b4df7b5004) Importer(815301076,1909f56bfc062723c751e8b465ee728b)
Start importing Assets/Sprites/Cutscenes/Cutscene1/CUTSCENE_1_5.png using Guid(9c8c6f3de509e044f8d1b5b4df7b5004) Importer(815301076,1909f56bfc062723c751e8b465ee728b)  -> (artifact id: '9044c274c1081f46cc9f9dcccc4403f3') in 0.410609 seconds 
========================================================================
Received Import Request.
  Time since last request: 0.000889 seconds.
  path: Assets/Sprites/Cutscenes/Cutscene1/CUTSCENE_1.png
  artifactKey: Guid(ed9b24107c49616479264ebb6ab6c606) Importer(815301076,1909f56bfc062723c751e8b465ee728b)
Start importing Assets/Sprites/Cutscenes/Cutscene1/CUTSCENE_1.png using Guid(ed9b24107c49616479264ebb6ab6c606) Importer(815301076,1909f56bfc062723c751e8b465ee728b)  -> (artifact id: '8fb19cedbf821f1c264206c604b028c8') in 1.615999 seconds 
========================================================================
Received Import Request.
  Time since last request: 0.001818 seconds.
  path: Assets/Sprites/Cutscenes/Cutscene1/CUTSCENE_1_6.png
  artifactKey: Guid(70c3f10679618854f93eeac1f0c21aeb) Importer(815301076,1909f56bfc062723c751e8b465ee728b)
Start importing Assets/Sprites/Cutscenes/Cutscene1/CUTSCENE_1_6.png using Guid(70c3f10679618854f93eeac1f0c21aeb) Importer(815301076,1909f56bfc062723c751e8b465ee728b)  -> (artifact id: 'e3f22b69eee2683446d057f581fcd941') in 0.265738 seconds 
========================================================================
Received Import Request.
  Time since last request: 0.000759 seconds.
  path: Assets/Sprites/Cutscenes/Cutscene1/CUTSCENE_1_2.png
  artifactKey: Guid(ba93a04f19dbec84d8210d6cb78a978d) Importer(815301076,1909f56bfc062723c751e8b465ee728b)
Start importing Assets/Sprites/Cutscenes/Cutscene1/CUTSCENE_1_2.png using Guid(ba93a04f19dbec84d8210d6cb78a978d) Importer(815301076,1909f56bfc062723c751e8b465ee728b)  -> (artifact id: '8b944970eab16cba4aff28ab044d5eb9') in 0.416668 seconds 
========================================================================
Received Prepare
Registering precompiled user dll's ...
Registered in 0.023779 seconds.
Begin MonoManager ReloadAssembly
Native extension for WindowsStandalone target not found
Refreshing native plugins compatible for Editor in 1.88 ms, found 2 plugins.
Preloading 0 native plugins for Editor in 0.00 ms.
Mono: successfully reloaded assembly
- Completed reload, in 11.023 seconds
Platform modules already initialized, skipping
Refreshing native plugins compatible for Editor in 2.02 ms, found 2 plugins.
Preloading 0 native plugins for Editor in 0.00 ms.
Unloading 3519 Unused Serialized files (Serialized files now loaded: 0)
System memory in use before: 145.7 MB.
System memory in use after: 145.8 MB.

Unloading 18 unused Assets to reduce memory usage. Loaded Objects now: 4158.
Total: 8.104400 ms (FindLiveObjects: 0.923800 ms CreateObjectMapping: 0.455100 ms MarkObjects: 6.442100 ms  DeleteObjects: 0.279500 ms)

========================================================================
Received Import Request.
  Time since last request: 61.273815 seconds.
  path: Assets/Prefabs/CanvasFadePrefab.prefab
  artifactKey: Guid(efafd9dba51a7dd47aec4fef56fe5e2b) Importer(815301076,1909f56bfc062723c751e8b465ee728b)
Start importing Assets/Prefabs/CanvasFadePrefab.prefab using Guid(efafd9dba51a7dd47aec4fef56fe5e2b) Importer(815301076,1909f56bfc062723c751e8b465ee728b)  -> (artifact id: '9e2392e3a903f7fce95dc6c30e98decc') in 0.470247 seconds 
========================================================================
Received Import Request.
  Time since last request: 0.000736 seconds.
  path: Assets/Prefabs/CanvasPrefab 1.prefab
  artifactKey: Guid(0e37cf979ce501b47a26acb8ea59d733) Importer(815301076,1909f56bfc062723c751e8b465ee728b)
Start importing Assets/Prefabs/CanvasPrefab 1.prefab using Guid(0e37cf979ce501b47a26acb8ea59d733) Importer(815301076,1909f56bfc062723c751e8b465ee728b)  -> (artifact id: 'fb37b965545c98a5f278157b0c8f2e08') in 0.383644 seconds 
========================================================================
Received Import Request.
  Time since last request: 0.000769 seconds.
  path: Assets/Prefabs/Player.prefab
  artifactKey: Guid(324e57fbb359ee948b99ffc5bbaedfab) Importer(815301076,1909f56bfc062723c751e8b465ee728b)
Start importing Assets/Prefabs/Player.prefab using Guid(324e57fbb359ee948b99ffc5bbaedfab) Importer(815301076,1909f56bfc062723c751e8b465ee728b)  -> (artifact id: '71129c92b57e001be5971af48bfcac6e') in 0.927403 seconds 
========================================================================
Received Prepare
Registering precompiled user dll's ...
Registered in 0.035617 seconds.
Begin MonoManager ReloadAssembly
Native extension for WindowsStandalone target not found
Refreshing native plugins compatible for Editor in 2.89 ms, found 2 plugins.
Preloading 0 native plugins for Editor in 0.00 ms.
Mono: successfully reloaded assembly
- Completed reload, in 17.875 seconds
Platform modules already initialized, skipping
Refreshing native plugins compatible for Editor in 16.04 ms, found 2 plugins.
Preloading 0 native plugins for Editor in 0.00 ms.
Unloading 3512 Unused Serialized files (Serialized files now loaded: 0)
System memory in use before: 145.6 MB.
System memory in use after: 145.7 MB.

Unloading 20 unused Assets to reduce memory usage. Loaded Objects now: 4163.
Total: 51.233300 ms (FindLiveObjects: 2.701400 ms CreateObjectMapping: 13.080100 ms MarkObjects: 34.546300 ms  DeleteObjects: 0.900600 ms)

========================================================================
Received Prepare
Registering precompiled user dll's ...
Registered in 0.018455 seconds.
Begin MonoManager ReloadAssembly
Native extension for WindowsStandalone target not found
Refreshing native plugins compatible for Editor in 6.48 ms, found 2 plugins.
Preloading 0 native plugins for Editor in 0.00 ms.
Mono: successfully reloaded assembly
- Completed reload, in 19.197 seconds
Platform modules already initialized, skipping
Refreshing native plugins compatible for Editor in 1.20 ms, found 2 plugins.
Preloading 0 native plugins for Editor in 0.00 ms.
Unloading 3512 Unused Serialized files (Serialized files now loaded: 0)
System memory in use before: 145.6 MB.
System memory in use after: 145.7 MB.

Unloading 18 unused Assets to reduce memory usage. Loaded Objects now: 4167.
Total: 5.260600 ms (FindLiveObjects: 0.427900 ms CreateObjectMapping: 0.239200 ms MarkObjects: 4.415000 ms  DeleteObjects: 0.176000 ms)

========================================================================
Received Prepare
Registering precompiled user dll's ...
Registered in 0.019572 seconds.
Begin MonoManager ReloadAssembly
Native extension for WindowsStandalone target not found
Refreshing native plugins compatible for Editor in 1.95 ms, found 2 plugins.
Preloading 0 native plugins for Editor in 0.00 ms.
Mono: successfully reloaded assembly
- Completed reload, in 23.917 seconds
Platform modules already initialized, skipping
Refreshing native plugins compatible for Editor in 6.38 ms, found 2 plugins.
Preloading 0 native plugins for Editor in 0.00 ms.
Unloading 3512 Unused Serialized files (Serialized files now loaded: 0)
System memory in use before: 145.6 MB.
System memory in use after: 145.7 MB.

Unloading 18 unused Assets to reduce memory usage. Loaded Objects now: 4171.
Total: 23.648200 ms (FindLiveObjects: 1.566600 ms CreateObjectMapping: 0.821900 ms MarkObjects: 20.813600 ms  DeleteObjects: 0.442200 ms)

========================================================================
Received Prepare
Registering precompiled user dll's ...
Registered in 0.031465 seconds.
Begin MonoManager ReloadAssembly
Native extension for WindowsStandalone target not found
Refreshing native plugins compatible for Editor in 1.30 ms, found 2 plugins.
Preloading 0 native plugins for Editor in 0.00 ms.
Mono: successfully reloaded assembly
- Completed reload, in 13.626 seconds
Platform modules already initialized, skipping
Refreshing native plugins compatible for Editor in 1.35 ms, found 2 plugins.
Preloading 0 native plugins for Editor in 0.00 ms.
Unloading 3512 Unused Serialized files (Serialized files now loaded: 0)
System memory in use before: 145.6 MB.
System memory in use after: 145.7 MB.

Unloading 18 unused Assets to reduce memory usage. Loaded Objects now: 4175.
Total: 6.449500 ms (FindLiveObjects: 0.972100 ms CreateObjectMapping: 0.414600 ms MarkObjects: 4.720900 ms  DeleteObjects: 0.337600 ms)

========================================================================
Received Prepare
Registering precompiled user dll's ...
Registered in 0.009385 seconds.
Begin MonoManager ReloadAssembly
Native extension for WindowsStandalone target not found
Refreshing native plugins compatible for Editor in 1.75 ms, found 2 plugins.
Preloading 0 native plugins for Editor in 0.00 ms.
Mono: successfully reloaded assembly
- Completed reload, in 42.476 seconds
Platform modules already initialized, skipping
Refreshing native plugins compatible for Editor in 3.01 ms, found 2 plugins.
Preloading 0 native plugins for Editor in 0.00 ms.
Unloading 3512 Unused Serialized files (Serialized files now loaded: 0)
System memory in use before: 145.7 MB.
System memory in use after: 145.8 MB.

Unloading 18 unused Assets to reduce memory usage. Loaded Objects now: 4179.
Total: 17.232300 ms (FindLiveObjects: 1.229500 ms CreateObjectMapping: 0.850100 ms MarkObjects: 14.770500 ms  DeleteObjects: 0.376000 ms)

========================================================================
Received Prepare
Registering precompiled user dll's ...
Registered in 0.033742 seconds.
Begin MonoManager ReloadAssembly
Native extension for WindowsStandalone target not found
Refreshing native plugins compatible for Editor in 4.09 ms, found 2 plugins.
Preloading 0 native plugins for Editor in 0.00 ms.
Mono: successfully reloaded assembly
- Completed reload, in 70.844 seconds
Platform modules already initialized, skipping
Refreshing native plugins compatible for Editor in 2.44 ms, found 2 plugins.
Preloading 0 native plugins for Editor in 0.00 ms.
Unloading 3512 Unused Serialized files (Serialized files now loaded: 0)
System memory in use before: 145.7 MB.
System memory in use after: 145.8 MB.

Unloading 18 unused Assets to reduce memory usage. Loaded Objects now: 4183.
Total: 8.524200 ms (FindLiveObjects: 0.700200 ms CreateObjectMapping: 0.436400 ms MarkObjects: 7.110300 ms  DeleteObjects: 0.273300 ms)

========================================================================
Received Prepare
Registering precompiled user dll's ...
Registered in 0.078887 seconds.
Begin MonoManager ReloadAssembly
Native extension for WindowsStandalone target not found
Refreshing native plugins compatible for Editor in 2.06 ms, found 2 plugins.
Preloading 0 native plugins for Editor in 0.00 ms.
Mono: successfully reloaded assembly
- Completed reload, in  9.733 seconds
Platform modules already initialized, skipping
Refreshing native plugins compatible for Editor in 2.23 ms, found 2 plugins.
Preloading 0 native plugins for Editor in 0.00 ms.
Unloading 3512 Unused Serialized files (Serialized files now loaded: 0)
System memory in use before: 145.7 MB.
System memory in use after: 145.8 MB.

Unloading 18 unused Assets to reduce memory usage. Loaded Objects now: 4187.
Total: 23.511800 ms (FindLiveObjects: 2.080500 ms CreateObjectMapping: 0.968900 ms MarkObjects: 19.950100 ms  DeleteObjects: 0.505700 ms)

========================================================================
Received Prepare
Registering precompiled user dll's ...
Registered in 0.018989 seconds.
Begin MonoManager ReloadAssembly
Native extension for WindowsStandalone target not found
Refreshing native plugins compatible for Editor in 5.32 ms, found 2 plugins.
Preloading 0 native plugins for Editor in 0.00 ms.
Mono: successfully reloaded assembly
- Completed reload, in  9.915 seconds
Platform modules already initialized, skipping
Refreshing native plugins compatible for Editor in 1.78 ms, found 2 plugins.
Preloading 0 native plugins for Editor in 0.00 ms.
Unloading 3512 Unused Serialized files (Serialized files now loaded: 0)
System memory in use before: 145.7 MB.
System memory in use after: 145.8 MB.

Unloading 18 unused Assets to reduce memory usage. Loaded Objects now: 4191.
Total: 9.336100 ms (FindLiveObjects: 1.167800 ms CreateObjectMapping: 0.523200 ms MarkObjects: 7.367200 ms  DeleteObjects: 0.272600 ms)

========================================================================
Received Prepare
Registering precompiled user dll's ...
Registered in 0.025082 seconds.
Begin MonoManager ReloadAssembly
Native extension for WindowsStandalone target not found
Refreshing native plugins compatible for Editor in 2.96 ms, found 2 plugins.
Preloading 0 native plugins for Editor in 0.00 ms.
Mono: successfully reloaded assembly
- Completed reload, in 19.914 seconds
Platform modules already initialized, skipping
Refreshing native plugins compatible for Editor in 5.77 ms, found 2 plugins.
Preloading 0 native plugins for Editor in 0.00 ms.
Unloading 3512 Unused Serialized files (Serialized files now loaded: 0)
System memory in use before: 145.7 MB.
System memory in use after: 145.8 MB.

Unloading 18 unused Assets to reduce memory usage. Loaded Objects now: 4195.
Total: 15.965400 ms (FindLiveObjects: 2.059300 ms CreateObjectMapping: 0.793900 ms MarkObjects: 12.225300 ms  DeleteObjects: 0.881700 ms)

========================================================================
Received Prepare
Registering precompiled user dll's ...
Registered in 0.046317 seconds.
Begin MonoManager ReloadAssembly
Native extension for WindowsStandalone target not found
Refreshing native plugins compatible for Editor in 1.93 ms, found 2 plugins.
Preloading 0 native plugins for Editor in 0.00 ms.
Mono: successfully reloaded assembly
- Completed reload, in 12.327 seconds
Platform modules already initialized, skipping
Refreshing native plugins compatible for Editor in 3.97 ms, found 2 plugins.
Preloading 0 native plugins for Editor in 0.00 ms.
Unloading 3512 Unused Serialized files (Serialized files now loaded: 0)
System memory in use before: 145.7 MB.
System memory in use after: 145.8 MB.

Unloading 18 unused Assets to reduce memory usage. Loaded Objects now: 4199.
Total: 20.500000 ms (FindLiveObjects: 2.172500 ms CreateObjectMapping: 1.291600 ms MarkObjects: 16.607400 ms  DeleteObjects: 0.422200 ms)

========================================================================
Received Import Request.
  Time since last request: 3817.703107 seconds.
  path: Assets/Scenes/Level1.unity
  artifactKey: Guid(96faab4a91c41b948ba7562f1a7cf341) Importer(815301076,1909f56bfc062723c751e8b465ee728b)
Start importing Assets/Scenes/Level1.unity using Guid(96faab4a91c41b948ba7562f1a7cf341) Importer(815301076,1909f56bfc062723c751e8b465ee728b)  -> (artifact id: '373e900b18d952e5d6f0b840099d9077') in 0.173093 seconds 
========================================================================
Received Prepare
Registering precompiled user dll's ...
Registered in 0.030788 seconds.
Begin MonoManager ReloadAssembly
Native extension for WindowsStandalone target not found
Refreshing native plugins compatible for Editor in 81.84 ms, found 2 plugins.
Preloading 0 native plugins for Editor in 0.00 ms.
Mono: successfully reloaded assembly
- Completed reload, in 30.684 seconds
Platform modules already initialized, skipping
Refreshing native plugins compatible for Editor in 15.49 ms, found 2 plugins.
Preloading 0 native plugins for Editor in 0.00 ms.
Unloading 3512 Unused Serialized files (Serialized files now loaded: 0)
System memory in use before: 145.7 MB.
System memory in use after: 145.8 MB.

Unloading 18 unused Assets to reduce memory usage. Loaded Objects now: 4203.
Total: 69.469300 ms (FindLiveObjects: 1.722600 ms CreateObjectMapping: 1.180200 ms MarkObjects: 65.678600 ms  DeleteObjects: 0.880400 ms)

========================================================================
Received Prepare
Registering precompiled user dll's ...
Registered in 0.027067 seconds.
Begin MonoManager ReloadAssembly
Native extension for WindowsStandalone target not found
Refreshing native plugins compatible for Editor in 1.97 ms, found 2 plugins.
Preloading 0 native plugins for Editor in 0.00 ms.
Mono: successfully reloaded assembly
- Completed reload, in 10.899 seconds
Platform modules already initialized, skipping
Refreshing native plugins compatible for Editor in 2.31 ms, found 2 plugins.
Preloading 0 native plugins for Editor in 0.00 ms.
Unloading 3512 Unused Serialized files (Serialized files now loaded: 0)
System memory in use before: 145.7 MB.
System memory in use after: 145.8 MB.

Unloading 18 unused Assets to reduce memory usage. Loaded Objects now: 4207.
Total: 8.278300 ms (FindLiveObjects: 0.655400 ms CreateObjectMapping: 0.412700 ms MarkObjects: 6.872300 ms  DeleteObjects: 0.333500 ms)

========================================================================
Received Prepare
Registering precompiled user dll's ...
Registered in 0.014421 seconds.
Begin MonoManager ReloadAssembly
Native extension for WindowsStandalone target not found
Refreshing native plugins compatible for Editor in 1.29 ms, found 2 plugins.
Preloading 0 native plugins for Editor in 0.00 ms.
Mono: successfully reloaded assembly
- Completed reload, in 12.328 seconds
Platform modules already initialized, skipping
Refreshing native plugins compatible for Editor in 1.36 ms, found 2 plugins.
Preloading 0 native plugins for Editor in 0.00 ms.
Unloading 3512 Unused Serialized files (Serialized files now loaded: 0)
System memory in use before: 145.8 MB.
System memory in use after: 145.9 MB.

Unloading 18 unused Assets to reduce memory usage. Loaded Objects now: 4211.
Total: 14.794800 ms (FindLiveObjects: 0.525700 ms CreateObjectMapping: 0.406900 ms MarkObjects: 13.344400 ms  DeleteObjects: 0.514000 ms)

========================================================================
Received Import Request.
  Time since last request: 304.270147 seconds.
  path: ProjectSettings/TagManager.asset
  artifactKey: Guid(00000000000000003000000000000000) Importer(815301076,1909f56bfc062723c751e8b465ee728b)
Start importing ProjectSettings/TagManager.asset using Guid(00000000000000003000000000000000) Importer(815301076,1909f56bfc062723c751e8b465ee728b)  -> (artifact id: 'a147c980f2e2f79907e98be45258ad34') in 0.181510 seconds 
========================================================================
Received Prepare
Registering precompiled user dll's ...
Registered in 0.027831 seconds.
Begin MonoManager ReloadAssembly
Native extension for WindowsStandalone target not found
Refreshing native plugins compatible for Editor in 2.22 ms, found 2 plugins.
Preloading 0 native plugins for Editor in 0.00 ms.
Mono: successfully reloaded assembly
- Completed reload, in 25.426 seconds
Platform modules already initialized, skipping
Refreshing native plugins compatible for Editor in 1.87 ms, found 2 plugins.
Preloading 0 native plugins for Editor in 0.00 ms.
Unloading 3512 Unused Serialized files (Serialized files now loaded: 0)
System memory in use before: 145.8 MB.
System memory in use after: 145.9 MB.

Unloading 19 unused Assets to reduce memory usage. Loaded Objects now: 4215.
Total: 25.261700 ms (FindLiveObjects: 0.679000 ms CreateObjectMapping: 2.145700 ms MarkObjects: 18.666600 ms  DeleteObjects: 3.766200 ms)

========================================================================
Received Prepare
Registering precompiled user dll's ...
Registered in 0.031891 seconds.
Begin MonoManager ReloadAssembly
Native extension for WindowsStandalone target not found
Refreshing native plugins compatible for Editor in 2.39 ms, found 2 plugins.
Preloading 0 native plugins for Editor in 0.00 ms.
Mono: successfully reloaded assembly
- Completed reload, in 28.497 seconds
Platform modules already initialized, skipping
Refreshing native plugins compatible for Editor in 3.19 ms, found 2 plugins.
Preloading 0 native plugins for Editor in 0.00 ms.
Unloading 3512 Unused Serialized files (Serialized files now loaded: 0)
System memory in use before: 145.8 MB.
System memory in use after: 145.9 MB.

Unloading 18 unused Assets to reduce memory usage. Loaded Objects now: 4219.
Total: 29.446400 ms (FindLiveObjects: 1.949200 ms CreateObjectMapping: 1.095000 ms MarkObjects: 25.913200 ms  DeleteObjects: 0.484600 ms)

========================================================================
Received Prepare
Registering precompiled user dll's ...
Registered in 0.023160 seconds.
Begin MonoManager ReloadAssembly
Native extension for WindowsStandalone target not found
Refreshing native plugins compatible for Editor in 6.09 ms, found 2 plugins.
Preloading 0 native plugins for Editor in 0.00 ms.
Mono: successfully reloaded assembly
- Completed reload, in 19.671 seconds
Platform modules already initialized, skipping
Refreshing native plugins compatible for Editor in 3.96 ms, found 2 plugins.
Preloading 0 native plugins for Editor in 0.00 ms.
Unloading 3512 Unused Serialized files (Serialized files now loaded: 0)
System memory in use before: 145.8 MB.
System memory in use after: 145.9 MB.

Unloading 18 unused Assets to reduce memory usage. Loaded Objects now: 4223.
Total: 65.552000 ms (FindLiveObjects: 5.334500 ms CreateObjectMapping: 1.069300 ms MarkObjects: 58.503900 ms  DeleteObjects: 0.638100 ms)

========================================================================
Received Prepare
Registering precompiled user dll's ...
Registered in 0.035017 seconds.
Begin MonoManager ReloadAssembly
Native extension for WindowsStandalone target not found
Refreshing native plugins compatible for Editor in 5.94 ms, found 2 plugins.
Preloading 0 native plugins for Editor in 0.00 ms.
Mono: successfully reloaded assembly
- Completed reload, in 12.184 seconds
Platform modules already initialized, skipping
Refreshing native plugins compatible for Editor in 2.13 ms, found 2 plugins.
Preloading 0 native plugins for Editor in 0.00 ms.
Unloading 3512 Unused Serialized files (Serialized files now loaded: 0)
System memory in use before: 145.8 MB.
System memory in use after: 145.9 MB.

Unloading 18 unused Assets to reduce memory usage. Loaded Objects now: 4227.
Total: 7.991000 ms (FindLiveObjects: 0.773000 ms CreateObjectMapping: 0.467000 ms MarkObjects: 6.476200 ms  DeleteObjects: 0.270400 ms)

========================================================================
Received Prepare
Refreshing native plugins compatible for Editor in 15.95 ms, found 2 plugins.
Preloading 0 native plugins for Editor in 0.00 ms.
Unloading 15 Unused Serialized files (Serialized files now loaded: 0)
System memory in use before: 76.5 MB.
System memory in use after: 76.6 MB.

Unloading 15 unused Assets to reduce memory usage. Loaded Objects now: 4227.
Total: 12.324500 ms (FindLiveObjects: 0.635400 ms CreateObjectMapping: 0.465400 ms MarkObjects: 10.521100 ms  DeleteObjects: 0.697800 ms)

========================================================================
Received Import Request.
  Time since last request: 592.419069 seconds.
  path: Assets/Scenes/Menu.unity
  artifactKey: Guid(74280d5048d03bb4fa82f476e7e6715e) Importer(815301076,1909f56bfc062723c751e8b465ee728b)
Start importing Assets/Scenes/Menu.unity using Guid(74280d5048d03bb4fa82f476e7e6715e) Importer(815301076,1909f56bfc062723c751e8b465ee728b)  -> (artifact id: '6744578cbc0359c902b7fb1b65335fdd') in 0.406373 seconds 
========================================================================
Received Prepare
Registering precompiled user dll's ...
Registered in 0.025247 seconds.
Begin MonoManager ReloadAssembly
Native extension for WindowsStandalone target not found
Refreshing native plugins compatible for Editor in 3.19 ms, found 2 plugins.
Preloading 0 native plugins for Editor in 0.00 ms.
Mono: successfully reloaded assembly
- Completed reload, in  9.292 seconds
Platform modules already initialized, skipping
Refreshing native plugins compatible for Editor in 7.23 ms, found 2 plugins.
Preloading 0 native plugins for Editor in 0.00 ms.
Unloading 3512 Unused Serialized files (Serialized files now loaded: 0)
System memory in use before: 145.9 MB.
System memory in use after: 146.0 MB.

Unloading 18 unused Assets to reduce memory usage. Loaded Objects now: 4231.
Total: 8.940800 ms (FindLiveObjects: 1.385000 ms CreateObjectMapping: 0.802600 ms MarkObjects: 6.436000 ms  DeleteObjects: 0.311700 ms)

========================================================================
Received Prepare
Registering precompiled user dll's ...
Registered in 0.026467 seconds.
Begin MonoManager ReloadAssembly
Native extension for WindowsStandalone target not found
Refreshing native plugins compatible for Editor in 2.81 ms, found 2 plugins.
Preloading 0 native plugins for Editor in 0.00 ms.
Mono: successfully reloaded assembly
- Completed reload, in 22.828 seconds
Platform modules already initialized, skipping
Refreshing native plugins compatible for Editor in 2.96 ms, found 2 plugins.
Preloading 0 native plugins for Editor in 0.00 ms.
Unloading 3512 Unused Serialized files (Serialized files now loaded: 0)
System memory in use before: 145.9 MB.
System memory in use after: 146.0 MB.

Unloading 18 unused Assets to reduce memory usage. Loaded Objects now: 4235.
Total: 50.762200 ms (FindLiveObjects: 5.223500 ms CreateObjectMapping: 30.826100 ms MarkObjects: 14.171900 ms  DeleteObjects: 0.535000 ms)

========================================================================
Received Prepare
Registering precompiled user dll's ...
Registered in 0.021528 seconds.
Begin MonoManager ReloadAssembly
Native extension for WindowsStandalone target not found
Refreshing native plugins compatible for Editor in 1.40 ms, found 2 plugins.
Preloading 0 native plugins for Editor in 0.00 ms.
Mono: successfully reloaded assembly
- Completed reload, in 10.843 seconds
Platform modules already initialized, skipping
Refreshing native plugins compatible for Editor in 1.56 ms, found 2 plugins.
Preloading 0 native plugins for Editor in 0.00 ms.
Unloading 3512 Unused Serialized files (Serialized files now loaded: 0)
System memory in use before: 145.9 MB.
System memory in use after: 146.0 MB.

Unloading 18 unused Assets to reduce memory usage. Loaded Objects now: 4239.
Total: 5.554400 ms (FindLiveObjects: 0.580300 ms CreateObjectMapping: 0.333600 ms MarkObjects: 4.419700 ms  DeleteObjects: 0.217500 ms)

========================================================================
Received Prepare
Registering precompiled user dll's ...
Registered in 0.008564 seconds.
Begin MonoManager ReloadAssembly
Native extension for WindowsStandalone target not found
Refreshing native plugins compatible for Editor in 3.74 ms, found 2 plugins.
Preloading 0 native plugins for Editor in 0.00 ms.
Mono: successfully reloaded assembly
- Completed reload, in  7.843 seconds
Platform modules already initialized, skipping
Refreshing native plugins compatible for Editor in 3.14 ms, found 2 plugins.
Preloading 0 native plugins for Editor in 0.00 ms.
Unloading 3512 Unused Serialized files (Serialized files now loaded: 0)
System memory in use before: 145.9 MB.
System memory in use after: 146.0 MB.

Unloading 18 unused Assets to reduce memory usage. Loaded Objects now: 4243.
Total: 23.052600 ms (FindLiveObjects: 2.149700 ms CreateObjectMapping: 2.394300 ms MarkObjects: 17.739200 ms  DeleteObjects: 0.761500 ms)

========================================================================
Received Prepare
Refreshing native plugins compatible for Editor in 7.45 ms, found 2 plugins.
Preloading 0 native plugins for Editor in 0.00 ms.
Unloading 15 Unused Serialized files (Serialized files now loaded: 0)
System memory in use before: 76.5 MB.
System memory in use after: 76.7 MB.

Unloading 15 unused Assets to reduce memory usage. Loaded Objects now: 4243.
Total: 6.944600 ms (FindLiveObjects: 1.193800 ms CreateObjectMapping: 0.547700 ms MarkObjects: 4.916900 ms  DeleteObjects: 0.283100 ms)

========================================================================
Received Prepare
Registering precompiled user dll's ...
Registered in 0.042364 seconds.
Begin MonoManager ReloadAssembly
Native extension for WindowsStandalone target not found
Refreshing native plugins compatible for Editor in 1.29 ms, found 2 plugins.
Preloading 0 native plugins for Editor in 0.00 ms.
Mono: successfully reloaded assembly
- Completed reload, in  7.875 seconds
Platform modules already initialized, skipping
Refreshing native plugins compatible for Editor in 1.30 ms, found 2 plugins.
Preloading 0 native plugins for Editor in 0.00 ms.
Unloading 3526 Unused Serialized files (Serialized files now loaded: 0)
System memory in use before: 146.4 MB.
System memory in use after: 146.5 MB.

Unloading 18 unused Assets to reduce memory usage. Loaded Objects now: 4261.
Total: 5.324100 ms (FindLiveObjects: 0.468700 ms CreateObjectMapping: 0.300900 ms MarkObjects: 4.340200 ms  DeleteObjects: 0.211400 ms)

========================================================================
Received Import Request.
  Time since last request: 2130.810652 seconds.
  path: Assets/Scenes/Level1.unity
  artifactKey: Guid(96faab4a91c41b948ba7562f1a7cf341) Importer(815301076,1909f56bfc062723c751e8b465ee728b)
Start importing Assets/Scenes/Level1.unity using Guid(96faab4a91c41b948ba7562f1a7cf341) Importer(815301076,1909f56bfc062723c751e8b465ee728b)  -> (artifact id: '69ab2f2fd876729e03d490f243773511') in 0.141912 seconds 
========================================================================
Received Prepare
Registering precompiled user dll's ...
Registered in 0.018632 seconds.
Begin MonoManager ReloadAssembly
Native extension for WindowsStandalone target not found
Refreshing native plugins compatible for Editor in 1.94 ms, found 2 plugins.
Preloading 0 native plugins for Editor in 0.00 ms.
Mono: successfully reloaded assembly
- Completed reload, in  8.888 seconds
Platform modules already initialized, skipping
Refreshing native plugins compatible for Editor in 2.06 ms, found 2 plugins.
Preloading 0 native plugins for Editor in 0.00 ms.
Unloading 3512 Unused Serialized files (Serialized files now loaded: 0)
System memory in use before: 146.1 MB.
System memory in use after: 146.2 MB.

Unloading 24 unused Assets to reduce memory usage. Loaded Objects now: 4259.
Total: 8.583600 ms (FindLiveObjects: 1.046400 ms CreateObjectMapping: 0.434900 ms MarkObjects: 6.765200 ms  DeleteObjects: 0.332600 ms)

========================================================================
Received Prepare
Registering precompiled user dll's ...
Registered in 0.055280 seconds.
Begin MonoManager ReloadAssembly
Native extension for WindowsStandalone target not found
Refreshing native plugins compatible for Editor in 20.48 ms, found 2 plugins.
Preloading 0 native plugins for Editor in 0.00 ms.
Mono: successfully reloaded assembly
- Completed reload, in 60.618 seconds
Platform modules already initialized, skipping
Script is not up to date after domain reload: guid(ce18366e52b6ecd4bb22b17b7c92a9b9) path("Packages/com.h8man.2d.navmeshplus/NavMeshComponents/Editor/NavMeshAssetManager2d.cs") state(2)
Script is not up to date after domain reload: guid(72f0dd11bca0bfd459699d21003f89ba) path("Packages/com.h8man.2d.navmeshplus/NavMeshComponents/Scripts/NavMeshBuilder2d.cs") state(2)
Script is not up to date after domain reload: guid(6eeb5dc026fdf4b488bc7ae0138ab719) path("Packages/com.h8man.2d.navmeshplus/NavMeshComponents/Scripts/NavMeshLink.cs") state(2)
Script is not up to date after domain reload: guid(1c32167dbf3314852b6006a288eb449b) path("Packages/com.h8man.2d.navmeshplus/NavMeshComponents/Editor/NavMeshSurfaceEditor.cs") state(2)
Script is not up to date after domain reload: guid(35e95dc5ff2b64380880dd7ac5922847) path("Packages/com.h8man.2d.navmeshplus/NavMeshComponents/Scripts/NavMeshModifierVolume.cs") state(2)
Script is not up to date after domain reload: guid(7a5ac11cc976e418e8d13136b07e1f52) path("Packages/com.h8man.2d.navmeshplus/NavMeshComponents/Scripts/NavMeshSurface.cs") state(2)
Script is not up to date after domain reload: guid(148387606d0ccd84fa326ca211f274ba) path("Packages/com.h8man.2d.navmeshplus/NavMeshComponents/Scripts/NavMeshSurface2d.cs") state(2)
Script is not up to date after domain reload: guid(c0f3bef2a67ae4e139538afec3e59b03) path("Packages/com.h8man.2d.navmeshplus/NavMeshComponents/Editor/NavMeshModifierVolumeEditor.cs") state(2)
Script is not up to date after domain reload: guid(1e3fdca004f2d45fe8abbed571a8abd5) path("Packages/com.h8man.2d.navmeshplus/NavMeshComponents/Scripts/NavMeshModifier.cs") state(2)
Script is not up to date after domain reload: guid(178d8366aa1616849b91b66285c51454) path("Packages/com.h8man.2d.navmeshplus/NavMeshComponents/Editor/NavMeshAssetManager.cs") state(2)
Script is not up to date after domain reload: guid(69fa4f647e3f44d4fac10fd739f1fde5) path("Packages/com.h8man.2d.navmeshplus/NavMeshComponents/Editor/NavMeshSurfaceEditor2d.cs") state(2)
Script is not up to date after domain reload: guid(6fa04b4743e3947eba4d7b9e5832ea69) path("Packages/com.h8man.2d.navmeshplus/NavMeshComponents/Editor/NavMeshModifierEditor.cs") state(2)
Script is not up to date after domain reload: guid(77fba670b979046f18d52d751e0d4659) path("Packages/com.h8man.2d.navmeshplus/NavMeshComponents/Editor/NavMeshComponentsGUIUtility.cs") state(2)
Script is not up to date after domain reload: guid(ece1e865d1ad84587872fe8580ab5a20) path("Packages/com.h8man.2d.navmeshplus/NavMeshComponents/Editor/NavMeshLinkEditor.cs") state(2)
Refreshing native plugins compatible for Editor in 3.50 ms, found 2 plugins.
Preloading 0 native plugins for Editor in 0.00 ms.
Unloading 3512 Unused Serialized files (Serialized files now loaded: 0)
System memory in use before: 146.0 MB.
System memory in use after: 146.1 MB.

Unloading 18 unused Assets to reduce memory usage. Loaded Objects now: 4263.
Total: 16.090400 ms (FindLiveObjects: 1.155400 ms CreateObjectMapping: 1.425800 ms MarkObjects: 13.108400 ms  DeleteObjects: 0.396100 ms)

========================================================================
Received Prepare
Registering precompiled user dll's ...
Registered in 0.019655 seconds.
Begin MonoManager ReloadAssembly
Native extension for WindowsStandalone target not found
Refreshing native plugins compatible for Editor in 1.97 ms, found 2 plugins.
Preloading 0 native plugins for Editor in 0.00 ms.
Mono: successfully reloaded assembly
- Completed reload, in 10.590 seconds
Platform modules already initialized, skipping
Refreshing native plugins compatible for Editor in 2.07 ms, found 2 plugins.
Preloading 0 native plugins for Editor in 0.00 ms.
Unloading 3526 Unused Serialized files (Serialized files now loaded: 0)
System memory in use before: 146.4 MB.
System memory in use after: 146.5 MB.

Unloading 18 unused Assets to reduce memory usage. Loaded Objects now: 4273.
Total: 10.519800 ms (FindLiveObjects: 1.765200 ms CreateObjectMapping: 0.989400 ms MarkObjects: 7.318700 ms  DeleteObjects: 0.441900 ms)

========================================================================
Received Prepare
Registering precompiled user dll's ...
Registered in 0.019322 seconds.
Begin MonoManager ReloadAssembly
Native extension for WindowsStandalone target not found
Refreshing native plugins compatible for Editor in 4.43 ms, found 2 plugins.
Preloading 0 native plugins for Editor in 0.00 ms.
Mono: successfully reloaded assembly
- Completed reload, in 13.518 seconds
Platform modules already initialized, skipping
Refreshing native plugins compatible for Editor in 2.40 ms, found 2 plugins.
Preloading 0 native plugins for Editor in 0.00 ms.
Unloading 3526 Unused Serialized files (Serialized files now loaded: 0)
System memory in use before: 146.4 MB.
System memory in use after: 146.5 MB.

Unloading 18 unused Assets to reduce memory usage. Loaded Objects now: 4277.
Total: 9.393000 ms (FindLiveObjects: 0.823000 ms CreateObjectMapping: 0.442700 ms MarkObjects: 7.649800 ms  DeleteObjects: 0.473000 ms)

========================================================================
Received Prepare
Registering precompiled user dll's ...
Registered in 0.046660 seconds.
Begin MonoManager ReloadAssembly
Native extension for WindowsStandalone target not found
Refreshing native plugins compatible for Editor in 2.18 ms, found 2 plugins.
Preloading 0 native plugins for Editor in 0.00 ms.
Mono: successfully reloaded assembly
- Completed reload, in 30.942 seconds
Platform modules already initialized, skipping
Refreshing native plugins compatible for Editor in 5.73 ms, found 2 plugins.
Preloading 0 native plugins for Editor in 0.00 ms.
Unloading 3526 Unused Serialized files (Serialized files now loaded: 0)
System memory in use before: 146.4 MB.
System memory in use after: 146.5 MB.

Unloading 18 unused Assets to reduce memory usage. Loaded Objects now: 4281.
Total: 33.478200 ms (FindLiveObjects: 6.886600 ms CreateObjectMapping: 2.231800 ms MarkObjects: 23.534100 ms  DeleteObjects: 0.815200 ms)

AssetImportWorkerClient::OnTransportError - code=2 error=End of file
