Using pre-set license
Built from '2021.1/staging' branch; Version is '2021.1.3f1 (4bef613afd59) revision 4976481'; Using compiler version '192528614'; Build Type 'Release'
OS: 'Windows 10 Education; OS build 18363.1854; Version 1909; 64bit' Language: 'pt' Physical Memory: 6055 MB
BatchMode: 1, IsHumanControllingUs: 0, StartBugReporterOnCrash: 0, Is64bit: 1, IsPro: 0

 COMMAND LINE ARGUMENTS:
C:\Program Files\Unity\Hub\Editor\2021.1.3f1\Editor\Unity.exe
-adb2
-batchMode
-noUpm
-name
AssetImportWorker12
-projectPath
C:/Users/Raissa/Documents/Unisinos/Projeto Final 1/a-boneca-da-nina/A Boneca da Nina
-logFile
Logs/AssetImportWorker12.log
-srvPort
61840
Successfully changed project path to: C:/Users/Raissa/Documents/Unisinos/Projeto Final 1/a-boneca-da-nina/A Boneca da Nina
C:/Users/Raissa/Documents/Unisinos/Projeto Final 1/a-boneca-da-nina/A Boneca da Nina
Using Asset Import Pipeline V2.
Refreshing native plugins compatible for Editor in 603.65 ms, found 2 plugins.
Preloading 0 native plugins for Editor in 0.00 ms.
Initialize engine version: 2021.1.3f1 (4bef613afd59)
[Subsystems] Discovering subsystems at path C:/Program Files/Unity/Hub/Editor/2021.1.3f1/Editor/Data/Resources/UnitySubsystems
[Subsystems] Discovering subsystems at path C:/Users/Raissa/Documents/Unisinos/Projeto Final 1/a-boneca-da-nina/A Boneca da Nina/Assets
GfxDevice: creating device client; threaded=0; jobified=0
Direct3D:
    Version:  Direct3D 11.0 [level 10.1]
    Renderer: Intel(R) HD Graphics 3000 (ID=0x126)
    Vendor:   Intel
    VRAM:     128 MB
    Driver:   9.17.10.4459
Initialize mono
Mono path[0] = 'C:/Program Files/Unity/Hub/Editor/2021.1.3f1/Editor/Data/Managed'
Mono path[1] = 'C:/Program Files/Unity/Hub/Editor/2021.1.3f1/Editor/Data/MonoBleedingEdge/lib/mono/unityjit'
Mono config path = 'C:/Program Files/Unity/Hub/Editor/2021.1.3f1/Editor/Data/MonoBleedingEdge/etc'
Using monoOptions --debugger-agent=transport=dt_socket,embedding=1,server=y,suspend=n,address=127.0.0.1:56272
Begin MonoManager ReloadAssembly
Registering precompiled unity dll's ...
Register platform support module: C:/Program Files/Unity/Hub/Editor/2021.1.3f1/Editor/Data/PlaybackEngines/WindowsStandaloneSupport/UnityEditor.WindowsStandalone.Extensions.dll
Registered in 0.009497 seconds.
Native extension for WindowsStandalone target not found
Refreshing native plugins compatible for Editor in 463.66 ms, found 2 plugins.
Preloading 0 native plugins for Editor in 0.00 ms.
Mono: successfully reloaded assembly
- Completed reload, in  9.125 seconds
Platform modules already initialized, skipping
Registering precompiled user dll's ...
Registered in 0.027817 seconds.
Begin MonoManager ReloadAssembly
Native extension for WindowsStandalone target not found
Refreshing native plugins compatible for Editor in 440.09 ms, found 2 plugins.
Preloading 0 native plugins for Editor in 0.00 ms.
Mono: successfully reloaded assembly
- Completed reload, in  5.669 seconds
Platform modules already initialized, skipping
========================================================================
Worker process is ready to serve import requests
Launched and connected shader compiler UnityShaderCompiler.exe after 0.21 seconds
Refreshing native plugins compatible for Editor in 1.49 ms, found 2 plugins.
Preloading 0 native plugins for Editor in 0.00 ms.
Unloading 3388 Unused Serialized files (Serialized files now loaded: 0)
System memory in use before: 129.7 MB.
System memory in use after: 129.7 MB.

Unloading 29 unused Assets to reduce memory usage. Loaded Objects now: 3841.
Total: 7.134100 ms (FindLiveObjects: 0.594400 ms CreateObjectMapping: 0.434300 ms MarkObjects: 5.770200 ms  DeleteObjects: 0.331200 ms)

========================================================================
Received Prepare
Refreshing native plugins compatible for Editor in 27.89 ms, found 2 plugins.
Preloading 0 native plugins for Editor in 0.00 ms.
Unloading 15 Unused Serialized files (Serialized files now loaded: 0)
System memory in use before: 61.6 MB.
System memory in use after: 61.7 MB.

Unloading 15 unused Assets to reduce memory usage. Loaded Objects now: 3841.
Total: 8.162300 ms (FindLiveObjects: 0.633500 ms CreateObjectMapping: 0.445400 ms MarkObjects: 6.671700 ms  DeleteObjects: 0.407400 ms)

========================================================================
Received Import Request.
  path: Assets/Scripts/Player.cs
  artifactKey: Guid(a9aa22ca123c4e84abad5afa28b08fe8) Importer(815301076,1909f56bfc062723c751e8b465ee728b)
Start importing Assets/Scripts/Player.cs using Guid(a9aa22ca123c4e84abad5afa28b08fe8) Importer(815301076,1909f56bfc062723c751e8b465ee728b)  -> (artifact id: 'f7a25368081fc4c285cabae2f3364e65') in 0.265955 seconds 
========================================================================
Received Prepare
Registering precompiled user dll's ...
Registered in 0.038682 seconds.
Begin MonoManager ReloadAssembly
Native extension for WindowsStandalone target not found
Refreshing native plugins compatible for Editor in 1.83 ms, found 2 plugins.
Preloading 0 native plugins for Editor in 0.00 ms.
Mono: successfully reloaded assembly
- Completed reload, in  8.268 seconds
Platform modules already initialized, skipping
Refreshing native plugins compatible for Editor in 2.44 ms, found 2 plugins.
Preloading 0 native plugins for Editor in 0.00 ms.
Unloading 3383 Unused Serialized files (Serialized files now loaded: 0)
System memory in use before: 129.7 MB.
System memory in use after: 129.8 MB.

Unloading 17 unused Assets to reduce memory usage. Loaded Objects now: 3845.
Total: 6.799500 ms (FindLiveObjects: 0.629100 ms CreateObjectMapping: 0.392900 ms MarkObjects: 5.468600 ms  DeleteObjects: 0.303800 ms)

========================================================================
Received Import Request.
  Time since last request: 215.083938 seconds.
  path: Assets/Scripts/Player.cs
  artifactKey: Guid(a9aa22ca123c4e84abad5afa28b08fe8) Importer(815301076,1909f56bfc062723c751e8b465ee728b)
Start importing Assets/Scripts/Player.cs using Guid(a9aa22ca123c4e84abad5afa28b08fe8) Importer(815301076,1909f56bfc062723c751e8b465ee728b)  -> (artifact id: 'f9656cffa2c3ed668bd0cbb3d335fb67') in 0.096737 seconds 
========================================================================
Received Prepare
Registering precompiled user dll's ...
Registered in 0.042253 seconds.
Begin MonoManager ReloadAssembly
Native extension for WindowsStandalone target not found
Refreshing native plugins compatible for Editor in 1.88 ms, found 2 plugins.
Preloading 0 native plugins for Editor in 0.00 ms.
Mono: successfully reloaded assembly
- Completed reload, in  4.548 seconds
Platform modules already initialized, skipping
Refreshing native plugins compatible for Editor in 1.81 ms, found 2 plugins.
Preloading 0 native plugins for Editor in 0.00 ms.
Unloading 3383 Unused Serialized files (Serialized files now loaded: 0)
System memory in use before: 129.7 MB.
System memory in use after: 129.8 MB.

Unloading 17 unused Assets to reduce memory usage. Loaded Objects now: 3849.
Total: 5.959400 ms (FindLiveObjects: 0.497000 ms CreateObjectMapping: 0.296800 ms MarkObjects: 4.946200 ms  DeleteObjects: 0.216300 ms)

========================================================================
Received Import Request.
  Time since last request: 207.619794 seconds.
  path: Assets/Scripts/Player.cs
  artifactKey: Guid(a9aa22ca123c4e84abad5afa28b08fe8) Importer(815301076,1909f56bfc062723c751e8b465ee728b)
Start importing Assets/Scripts/Player.cs using Guid(a9aa22ca123c4e84abad5afa28b08fe8) Importer(815301076,1909f56bfc062723c751e8b465ee728b)  -> (artifact id: '207f3aaf5d1e4786d76bb4143557fd7b') in 0.092131 seconds 
========================================================================
Received Prepare
Registering precompiled user dll's ...
Registered in 0.014156 seconds.
Begin MonoManager ReloadAssembly
Native extension for WindowsStandalone target not found
Refreshing native plugins compatible for Editor in 3.61 ms, found 2 plugins.
Preloading 0 native plugins for Editor in 0.00 ms.
Mono: successfully reloaded assembly
- Completed reload, in  5.976 seconds
Platform modules already initialized, skipping
Refreshing native plugins compatible for Editor in 3.40 ms, found 2 plugins.
Preloading 0 native plugins for Editor in 0.00 ms.
Unloading 3383 Unused Serialized files (Serialized files now loaded: 0)
System memory in use before: 129.8 MB.
System memory in use after: 129.9 MB.

Unloading 17 unused Assets to reduce memory usage. Loaded Objects now: 3853.
Total: 7.196300 ms (FindLiveObjects: 0.696900 ms CreateObjectMapping: 0.451400 ms MarkObjects: 5.773600 ms  DeleteObjects: 0.270300 ms)

========================================================================
Received Import Request.
  Time since last request: 43.518055 seconds.
  path: Assets/Scripts/Player.cs
  artifactKey: Guid(a9aa22ca123c4e84abad5afa28b08fe8) Importer(815301076,1909f56bfc062723c751e8b465ee728b)
Start importing Assets/Scripts/Player.cs using Guid(a9aa22ca123c4e84abad5afa28b08fe8) Importer(815301076,1909f56bfc062723c751e8b465ee728b)  -> (artifact id: 'f2c6ccac69b5e120de49d95c46138f51') in 0.133639 seconds 
========================================================================
Received Prepare
Registering precompiled user dll's ...
Registered in 0.028705 seconds.
Begin MonoManager ReloadAssembly
Native extension for WindowsStandalone target not found
Refreshing native plugins compatible for Editor in 2.33 ms, found 2 plugins.
Preloading 0 native plugins for Editor in 0.00 ms.
Mono: successfully reloaded assembly
- Completed reload, in  3.789 seconds
Platform modules already initialized, skipping
Refreshing native plugins compatible for Editor in 1.61 ms, found 2 plugins.
Preloading 0 native plugins for Editor in 0.00 ms.
Unloading 3383 Unused Serialized files (Serialized files now loaded: 0)
System memory in use before: 129.8 MB.
System memory in use after: 129.9 MB.

Unloading 17 unused Assets to reduce memory usage. Loaded Objects now: 3857.
Total: 6.869900 ms (FindLiveObjects: 0.563600 ms CreateObjectMapping: 0.416800 ms MarkObjects: 5.591700 ms  DeleteObjects: 0.294100 ms)

========================================================================
Received Prepare
Registering precompiled user dll's ...
Registered in 0.029737 seconds.
Begin MonoManager ReloadAssembly
Native extension for WindowsStandalone target not found
Refreshing native plugins compatible for Editor in 1.80 ms, found 2 plugins.
Preloading 0 native plugins for Editor in 0.00 ms.
Mono: successfully reloaded assembly
- Completed reload, in  5.149 seconds
Platform modules already initialized, skipping
Refreshing native plugins compatible for Editor in 1.55 ms, found 2 plugins.
Preloading 0 native plugins for Editor in 0.00 ms.
Unloading 3383 Unused Serialized files (Serialized files now loaded: 0)
System memory in use before: 129.8 MB.
System memory in use after: 129.9 MB.

Unloading 17 unused Assets to reduce memory usage. Loaded Objects now: 3861.
Total: 6.648300 ms (FindLiveObjects: 0.586400 ms CreateObjectMapping: 0.406200 ms MarkObjects: 5.386200 ms  DeleteObjects: 0.265300 ms)

========================================================================
Received Import Request.
  Time since last request: 256.540746 seconds.
  path: Assets/Scripts/Player.cs
  artifactKey: Guid(a9aa22ca123c4e84abad5afa28b08fe8) Importer(815301076,1909f56bfc062723c751e8b465ee728b)
Start importing Assets/Scripts/Player.cs using Guid(a9aa22ca123c4e84abad5afa28b08fe8) Importer(815301076,1909f56bfc062723c751e8b465ee728b)  -> (artifact id: '79b665bf22710e0103b5aa905d86fd7b') in 0.123309 seconds 
========================================================================
Received Prepare
Registering precompiled user dll's ...
Registered in 0.025425 seconds.
Begin MonoManager ReloadAssembly
Native extension for WindowsStandalone target not found
Refreshing native plugins compatible for Editor in 1.56 ms, found 2 plugins.
Preloading 0 native plugins for Editor in 0.00 ms.
Mono: successfully reloaded assembly
- Completed reload, in 13.096 seconds
Platform modules already initialized, skipping
Refreshing native plugins compatible for Editor in 1.71 ms, found 2 plugins.
Preloading 0 native plugins for Editor in 0.00 ms.
Unloading 3383 Unused Serialized files (Serialized files now loaded: 0)
System memory in use before: 129.8 MB.
System memory in use after: 129.9 MB.

Unloading 17 unused Assets to reduce memory usage. Loaded Objects now: 3865.
Total: 7.092700 ms (FindLiveObjects: 0.675900 ms CreateObjectMapping: 0.397800 ms MarkObjects: 5.757100 ms  DeleteObjects: 0.257800 ms)

========================================================================
Received Import Request.
  Time since last request: 106.316890 seconds.
  path: Assets/Scripts/Player.cs
  artifactKey: Guid(a9aa22ca123c4e84abad5afa28b08fe8) Importer(815301076,1909f56bfc062723c751e8b465ee728b)
Start importing Assets/Scripts/Player.cs using Guid(a9aa22ca123c4e84abad5afa28b08fe8) Importer(815301076,1909f56bfc062723c751e8b465ee728b)  -> (artifact id: 'a6b6ef91668cd20d1d104ab58f8d34a5') in 0.122097 seconds 
========================================================================
Received Prepare
Registering precompiled user dll's ...
Registered in 0.025650 seconds.
Begin MonoManager ReloadAssembly
Native extension for WindowsStandalone target not found
Refreshing native plugins compatible for Editor in 1.95 ms, found 2 plugins.
Preloading 0 native plugins for Editor in 0.00 ms.
Mono: successfully reloaded assembly
- Completed reload, in  5.275 seconds
Platform modules already initialized, skipping
Refreshing native plugins compatible for Editor in 1.64 ms, found 2 plugins.
Preloading 0 native plugins for Editor in 0.00 ms.
Unloading 3383 Unused Serialized files (Serialized files now loaded: 0)
System memory in use before: 129.8 MB.
System memory in use after: 129.9 MB.

Unloading 17 unused Assets to reduce memory usage. Loaded Objects now: 3869.
Total: 7.660600 ms (FindLiveObjects: 0.700900 ms CreateObjectMapping: 0.597500 ms MarkObjects: 6.083100 ms  DeleteObjects: 0.273700 ms)

========================================================================
Received Import Request.
  Time since last request: 69.259573 seconds.
  path: Assets/Scripts/Player.cs
  artifactKey: Guid(a9aa22ca123c4e84abad5afa28b08fe8) Importer(815301076,1909f56bfc062723c751e8b465ee728b)
Start importing Assets/Scripts/Player.cs using Guid(a9aa22ca123c4e84abad5afa28b08fe8) Importer(815301076,1909f56bfc062723c751e8b465ee728b)  -> (artifact id: '93f75c00558739d96fd2269b903e08d0') in 0.150908 seconds 
========================================================================
Received Prepare
Registering precompiled user dll's ...
Registered in 0.019529 seconds.
Begin MonoManager ReloadAssembly
Native extension for WindowsStandalone target not found
Refreshing native plugins compatible for Editor in 2.67 ms, found 2 plugins.
Preloading 0 native plugins for Editor in 0.00 ms.
Mono: successfully reloaded assembly
- Completed reload, in  5.372 seconds
Platform modules already initialized, skipping
Refreshing native plugins compatible for Editor in 2.35 ms, found 2 plugins.
Preloading 0 native plugins for Editor in 0.00 ms.
Unloading 3383 Unused Serialized files (Serialized files now loaded: 0)
System memory in use before: 129.8 MB.
System memory in use after: 129.9 MB.

Unloading 17 unused Assets to reduce memory usage. Loaded Objects now: 3873.
Total: 7.371400 ms (FindLiveObjects: 0.998200 ms CreateObjectMapping: 0.401200 ms MarkObjects: 5.692700 ms  DeleteObjects: 0.274500 ms)

========================================================================
Received Import Request.
  Time since last request: 83.241470 seconds.
  path: Assets/Scripts/Player.cs
  artifactKey: Guid(a9aa22ca123c4e84abad5afa28b08fe8) Importer(815301076,1909f56bfc062723c751e8b465ee728b)
Start importing Assets/Scripts/Player.cs using Guid(a9aa22ca123c4e84abad5afa28b08fe8) Importer(815301076,1909f56bfc062723c751e8b465ee728b)  -> (artifact id: '641671a973c1f8d21dd95947c3b5dbb7') in 0.136855 seconds 
========================================================================
Received Prepare
Registering precompiled user dll's ...
Registered in 0.062970 seconds.
Begin MonoManager ReloadAssembly
Native extension for WindowsStandalone target not found
Refreshing native plugins compatible for Editor in 1.68 ms, found 2 plugins.
Preloading 0 native plugins for Editor in 0.00 ms.
Mono: successfully reloaded assembly
- Completed reload, in  7.427 seconds
Platform modules already initialized, skipping
Refreshing native plugins compatible for Editor in 1.74 ms, found 2 plugins.
Preloading 0 native plugins for Editor in 0.00 ms.
Unloading 3383 Unused Serialized files (Serialized files now loaded: 0)
System memory in use before: 129.8 MB.
System memory in use after: 129.9 MB.

Unloading 17 unused Assets to reduce memory usage. Loaded Objects now: 3877.
Total: 6.822100 ms (FindLiveObjects: 0.571300 ms CreateObjectMapping: 0.414000 ms MarkObjects: 5.563600 ms  DeleteObjects: 0.269400 ms)

========================================================================
Received Prepare
Registering precompiled user dll's ...
Registered in 0.070542 seconds.
Begin MonoManager ReloadAssembly
Native extension for WindowsStandalone target not found
Refreshing native plugins compatible for Editor in 1.65 ms, found 2 plugins.
Preloading 0 native plugins for Editor in 0.00 ms.
Mono: successfully reloaded assembly
- Completed reload, in  4.399 seconds
Platform modules already initialized, skipping
Refreshing native plugins compatible for Editor in 1.86 ms, found 2 plugins.
Preloading 0 native plugins for Editor in 0.00 ms.
Unloading 3383 Unused Serialized files (Serialized files now loaded: 0)
System memory in use before: 129.8 MB.
System memory in use after: 129.9 MB.

Unloading 17 unused Assets to reduce memory usage. Loaded Objects now: 3881.
Total: 7.294500 ms (FindLiveObjects: 0.582900 ms CreateObjectMapping: 0.453900 ms MarkObjects: 5.980700 ms  DeleteObjects: 0.273400 ms)

========================================================================
Received Import Request.
  Time since last request: 298.300235 seconds.
  path: Assets/Scripts/Player.cs
  artifactKey: Guid(a9aa22ca123c4e84abad5afa28b08fe8) Importer(815301076,1909f56bfc062723c751e8b465ee728b)
Start importing Assets/Scripts/Player.cs using Guid(a9aa22ca123c4e84abad5afa28b08fe8) Importer(815301076,1909f56bfc062723c751e8b465ee728b)  -> (artifact id: 'c5d1b16d1d6eb9250610dc39a88bdc01') in 0.129990 seconds 
========================================================================
Received Prepare
Registering precompiled user dll's ...
Registered in 0.025964 seconds.
Begin MonoManager ReloadAssembly
Native extension for WindowsStandalone target not found
Refreshing native plugins compatible for Editor in 2.57 ms, found 2 plugins.
Preloading 0 native plugins for Editor in 0.00 ms.
Mono: successfully reloaded assembly
- Completed reload, in  4.734 seconds
Platform modules already initialized, skipping
Refreshing native plugins compatible for Editor in 1.70 ms, found 2 plugins.
Preloading 0 native plugins for Editor in 0.00 ms.
Unloading 3383 Unused Serialized files (Serialized files now loaded: 0)
System memory in use before: 129.8 MB.
System memory in use after: 129.9 MB.

Unloading 17 unused Assets to reduce memory usage. Loaded Objects now: 3885.
Total: 7.016800 ms (FindLiveObjects: 0.586400 ms CreateObjectMapping: 0.455700 ms MarkObjects: 5.698700 ms  DeleteObjects: 0.272400 ms)

========================================================================
Received Import Request.
  Time since last request: 151.541824 seconds.
  path: Assets/Scripts/Player.cs
  artifactKey: Guid(a9aa22ca123c4e84abad5afa28b08fe8) Importer(815301076,1909f56bfc062723c751e8b465ee728b)
Start importing Assets/Scripts/Player.cs using Guid(a9aa22ca123c4e84abad5afa28b08fe8) Importer(815301076,1909f56bfc062723c751e8b465ee728b)  -> (artifact id: '886a10810cb0d556cf00f32c780a5200') in 0.097112 seconds 
========================================================================
Received Prepare
Registering precompiled user dll's ...
Registered in 0.055659 seconds.
Begin MonoManager ReloadAssembly
Native extension for WindowsStandalone target not found
Refreshing native plugins compatible for Editor in 1.34 ms, found 2 plugins.
Preloading 0 native plugins for Editor in 0.00 ms.
Mono: successfully reloaded assembly
- Completed reload, in  3.821 seconds
Platform modules already initialized, skipping
Refreshing native plugins compatible for Editor in 1.69 ms, found 2 plugins.
Preloading 0 native plugins for Editor in 0.00 ms.
Unloading 3383 Unused Serialized files (Serialized files now loaded: 0)
System memory in use before: 129.8 MB.
System memory in use after: 129.9 MB.

Unloading 17 unused Assets to reduce memory usage. Loaded Objects now: 3889.
Total: 6.938900 ms (FindLiveObjects: 0.573900 ms CreateObjectMapping: 0.400500 ms MarkObjects: 5.693600 ms  DeleteObjects: 0.266600 ms)

========================================================================
Received Import Request.
  Time since last request: 209.324130 seconds.
  path: Assets/Scripts/Player.cs
  artifactKey: Guid(a9aa22ca123c4e84abad5afa28b08fe8) Importer(815301076,1909f56bfc062723c751e8b465ee728b)
Start importing Assets/Scripts/Player.cs using Guid(a9aa22ca123c4e84abad5afa28b08fe8) Importer(815301076,1909f56bfc062723c751e8b465ee728b)  -> (artifact id: '9ad4398f823b43eae088b37794f7c005') in 0.107721 seconds 
========================================================================
Received Prepare
Registering precompiled user dll's ...
Registered in 0.032890 seconds.
Begin MonoManager ReloadAssembly
Native extension for WindowsStandalone target not found
Refreshing native plugins compatible for Editor in 1.92 ms, found 2 plugins.
Preloading 0 native plugins for Editor in 0.00 ms.
Mono: successfully reloaded assembly
- Completed reload, in  7.394 seconds
Platform modules already initialized, skipping
Refreshing native plugins compatible for Editor in 1.67 ms, found 2 plugins.
Preloading 0 native plugins for Editor in 0.00 ms.
Unloading 3383 Unused Serialized files (Serialized files now loaded: 0)
System memory in use before: 129.8 MB.
System memory in use after: 129.9 MB.

Unloading 17 unused Assets to reduce memory usage. Loaded Objects now: 3893.
Total: 6.998400 ms (FindLiveObjects: 0.565900 ms CreateObjectMapping: 0.415800 ms MarkObjects: 5.758100 ms  DeleteObjects: 0.254600 ms)

========================================================================
Received Import Request.
  Time since last request: 196.217317 seconds.
  path: Assets/Scripts/Player.cs
  artifactKey: Guid(a9aa22ca123c4e84abad5afa28b08fe8) Importer(815301076,1909f56bfc062723c751e8b465ee728b)
Start importing Assets/Scripts/Player.cs using Guid(a9aa22ca123c4e84abad5afa28b08fe8) Importer(815301076,1909f56bfc062723c751e8b465ee728b)  -> (artifact id: 'debacd1ce4c18202c41ca42a98f96ed7') in 0.128475 seconds 
========================================================================
Received Prepare
Registering precompiled user dll's ...
Registered in 0.037761 seconds.
Begin MonoManager ReloadAssembly
Native extension for WindowsStandalone target not found
Refreshing native plugins compatible for Editor in 1.82 ms, found 2 plugins.
Preloading 0 native plugins for Editor in 0.00 ms.
Mono: successfully reloaded assembly
- Completed reload, in  7.739 seconds
Platform modules already initialized, skipping
Refreshing native plugins compatible for Editor in 1.72 ms, found 2 plugins.
Preloading 0 native plugins for Editor in 0.00 ms.
Unloading 3383 Unused Serialized files (Serialized files now loaded: 0)
System memory in use before: 129.9 MB.
System memory in use after: 130.0 MB.

Unloading 17 unused Assets to reduce memory usage. Loaded Objects now: 3897.
Total: 7.871600 ms (FindLiveObjects: 1.301400 ms CreateObjectMapping: 0.573200 ms MarkObjects: 5.732600 ms  DeleteObjects: 0.259300 ms)

========================================================================
Received Prepare
Registering precompiled user dll's ...
Registered in 0.016818 seconds.
Begin MonoManager ReloadAssembly
Native extension for WindowsStandalone target not found
Refreshing native plugins compatible for Editor in 1.69 ms, found 2 plugins.
Preloading 0 native plugins for Editor in 0.00 ms.
Mono: successfully reloaded assembly
- Completed reload, in  5.656 seconds
Platform modules already initialized, skipping
Refreshing native plugins compatible for Editor in 1.56 ms, found 2 plugins.
Preloading 0 native plugins for Editor in 0.00 ms.
Unloading 3383 Unused Serialized files (Serialized files now loaded: 0)
System memory in use before: 129.9 MB.
System memory in use after: 130.0 MB.

Unloading 17 unused Assets to reduce memory usage. Loaded Objects now: 3901.
Total: 7.784300 ms (FindLiveObjects: 0.601100 ms CreateObjectMapping: 0.417200 ms MarkObjects: 6.453800 ms  DeleteObjects: 0.308200 ms)

========================================================================
Received Import Request.
  Time since last request: 289.795536 seconds.
  path: Assets/Scripts/Player.cs
  artifactKey: Guid(a9aa22ca123c4e84abad5afa28b08fe8) Importer(815301076,1909f56bfc062723c751e8b465ee728b)
Start importing Assets/Scripts/Player.cs using Guid(a9aa22ca123c4e84abad5afa28b08fe8) Importer(815301076,1909f56bfc062723c751e8b465ee728b)  -> (artifact id: '35e65ae940492fa88fd2e32ef4be9efd') in 0.119313 seconds 
========================================================================
Received Prepare
Registering precompiled user dll's ...
Registered in 0.020562 seconds.
Begin MonoManager ReloadAssembly
Native extension for WindowsStandalone target not found
Refreshing native plugins compatible for Editor in 1.81 ms, found 2 plugins.
Preloading 0 native plugins for Editor in 0.00 ms.
Mono: successfully reloaded assembly
- Completed reload, in  4.575 seconds
Platform modules already initialized, skipping
Refreshing native plugins compatible for Editor in 2.49 ms, found 2 plugins.
Preloading 0 native plugins for Editor in 0.00 ms.
Unloading 3383 Unused Serialized files (Serialized files now loaded: 0)
System memory in use before: 129.9 MB.
System memory in use after: 130.0 MB.

Unloading 17 unused Assets to reduce memory usage. Loaded Objects now: 3905.
Total: 10.807800 ms (FindLiveObjects: 0.696800 ms CreateObjectMapping: 0.455900 ms MarkObjects: 9.346900 ms  DeleteObjects: 0.304100 ms)

========================================================================
Received Prepare
Registering precompiled user dll's ...
Registered in 0.027948 seconds.
Begin MonoManager ReloadAssembly
Native extension for WindowsStandalone target not found
Refreshing native plugins compatible for Editor in 2.36 ms, found 2 plugins.
Preloading 0 native plugins for Editor in 0.00 ms.
Mono: successfully reloaded assembly
- Completed reload, in  7.068 seconds
Platform modules already initialized, skipping
Refreshing native plugins compatible for Editor in 2.25 ms, found 2 plugins.
Preloading 0 native plugins for Editor in 0.00 ms.
Unloading 3383 Unused Serialized files (Serialized files now loaded: 0)
System memory in use before: 129.9 MB.
System memory in use after: 130.0 MB.

Unloading 17 unused Assets to reduce memory usage. Loaded Objects now: 3909.
Total: 12.108200 ms (FindLiveObjects: 1.288400 ms CreateObjectMapping: 0.524700 ms MarkObjects: 9.894400 ms  DeleteObjects: 0.395000 ms)

========================================================================
Received Prepare
Registering precompiled user dll's ...
Registered in 0.021133 seconds.
Begin MonoManager ReloadAssembly
Native extension for WindowsStandalone target not found
Refreshing native plugins compatible for Editor in 2.59 ms, found 2 plugins.
Preloading 0 native plugins for Editor in 0.00 ms.
Mono: successfully reloaded assembly
- Completed reload, in  5.243 seconds
Platform modules already initialized, skipping
Refreshing native plugins compatible for Editor in 1.71 ms, found 2 plugins.
Preloading 0 native plugins for Editor in 0.00 ms.
Unloading 3383 Unused Serialized files (Serialized files now loaded: 0)
System memory in use before: 129.9 MB.
System memory in use after: 130.0 MB.

Unloading 17 unused Assets to reduce memory usage. Loaded Objects now: 3913.
Total: 7.134400 ms (FindLiveObjects: 0.618500 ms CreateObjectMapping: 0.381600 ms MarkObjects: 5.801600 ms  DeleteObjects: 0.328500 ms)

========================================================================
Received Prepare
Registering precompiled user dll's ...
Registered in 0.020470 seconds.
Begin MonoManager ReloadAssembly
Native extension for WindowsStandalone target not found
Refreshing native plugins compatible for Editor in 2.51 ms, found 2 plugins.
Preloading 0 native plugins for Editor in 0.00 ms.
Mono: successfully reloaded assembly
- Completed reload, in  5.247 seconds
Platform modules already initialized, skipping
Refreshing native plugins compatible for Editor in 1.65 ms, found 2 plugins.
Preloading 0 native plugins for Editor in 0.00 ms.
Unloading 3383 Unused Serialized files (Serialized files now loaded: 0)
System memory in use before: 129.9 MB.
System memory in use after: 130.0 MB.

Unloading 17 unused Assets to reduce memory usage. Loaded Objects now: 3917.
Total: 7.708700 ms (FindLiveObjects: 0.714900 ms CreateObjectMapping: 0.496500 ms MarkObjects: 6.047600 ms  DeleteObjects: 0.444300 ms)

========================================================================
Received Prepare
Registering precompiled user dll's ...
Registered in 0.022174 seconds.
Begin MonoManager ReloadAssembly
Native extension for WindowsStandalone target not found
Refreshing native plugins compatible for Editor in 8.10 ms, found 2 plugins.
Preloading 0 native plugins for Editor in 0.00 ms.
Mono: successfully reloaded assembly
- Completed reload, in  5.432 seconds
Platform modules already initialized, skipping
Refreshing native plugins compatible for Editor in 1.67 ms, found 2 plugins.
Preloading 0 native plugins for Editor in 0.00 ms.
Unloading 3383 Unused Serialized files (Serialized files now loaded: 0)
System memory in use before: 129.9 MB.
System memory in use after: 130.0 MB.

Unloading 17 unused Assets to reduce memory usage. Loaded Objects now: 3921.
Total: 6.906700 ms (FindLiveObjects: 0.612500 ms CreateObjectMapping: 0.382800 ms MarkObjects: 5.654700 ms  DeleteObjects: 0.252800 ms)

========================================================================
Received Prepare
Registering precompiled user dll's ...
Registered in 0.035866 seconds.
Begin MonoManager ReloadAssembly
Native extension for WindowsStandalone target not found
Refreshing native plugins compatible for Editor in 1.61 ms, found 2 plugins.
Preloading 0 native plugins for Editor in 0.00 ms.
Mono: successfully reloaded assembly
- Completed reload, in  4.870 seconds
Platform modules already initialized, skipping
Refreshing native plugins compatible for Editor in 1.87 ms, found 2 plugins.
Preloading 0 native plugins for Editor in 0.00 ms.
Unloading 3383 Unused Serialized files (Serialized files now loaded: 0)
System memory in use before: 129.9 MB.
System memory in use after: 130.0 MB.

Unloading 17 unused Assets to reduce memory usage. Loaded Objects now: 3925.
Total: 14.582200 ms (FindLiveObjects: 1.661400 ms CreateObjectMapping: 0.690200 ms MarkObjects: 11.800300 ms  DeleteObjects: 0.424700 ms)

========================================================================
Received Prepare
Registering precompiled user dll's ...
Registered in 0.036726 seconds.
Begin MonoManager ReloadAssembly
Native extension for WindowsStandalone target not found
Refreshing native plugins compatible for Editor in 1.95 ms, found 2 plugins.
Preloading 0 native plugins for Editor in 0.00 ms.
Mono: successfully reloaded assembly
- Completed reload, in  6.884 seconds
Platform modules already initialized, skipping
Refreshing native plugins compatible for Editor in 1.68 ms, found 2 plugins.
Preloading 0 native plugins for Editor in 0.00 ms.
Unloading 3383 Unused Serialized files (Serialized files now loaded: 0)
System memory in use before: 129.9 MB.
System memory in use after: 130.0 MB.

Unloading 17 unused Assets to reduce memory usage. Loaded Objects now: 3929.
Total: 7.614300 ms (FindLiveObjects: 0.928800 ms CreateObjectMapping: 0.474500 ms MarkObjects: 5.889000 ms  DeleteObjects: 0.317600 ms)

========================================================================
Received Prepare
Registering precompiled user dll's ...
Registered in 0.051817 seconds.
Begin MonoManager ReloadAssembly
Native extension for WindowsStandalone target not found
Refreshing native plugins compatible for Editor in 1.81 ms, found 2 plugins.
Preloading 0 native plugins for Editor in 0.00 ms.
Mono: successfully reloaded assembly
- Completed reload, in 11.478 seconds
Platform modules already initialized, skipping
Refreshing native plugins compatible for Editor in 3.79 ms, found 2 plugins.
Preloading 0 native plugins for Editor in 0.00 ms.
Unloading 3383 Unused Serialized files (Serialized files now loaded: 0)
System memory in use before: 129.9 MB.
System memory in use after: 130.0 MB.

Unloading 17 unused Assets to reduce memory usage. Loaded Objects now: 3933.
Total: 14.108600 ms (FindLiveObjects: 1.953800 ms CreateObjectMapping: 0.844400 ms MarkObjects: 10.885300 ms  DeleteObjects: 0.419600 ms)

========================================================================
Received Prepare
Registering precompiled user dll's ...
Registered in 0.023229 seconds.
Begin MonoManager ReloadAssembly
Native extension for WindowsStandalone target not found
Refreshing native plugins compatible for Editor in 2.38 ms, found 2 plugins.
Preloading 0 native plugins for Editor in 0.00 ms.
Mono: successfully reloaded assembly
- Completed reload, in  9.470 seconds
Platform modules already initialized, skipping
Refreshing native plugins compatible for Editor in 1.67 ms, found 2 plugins.
Preloading 0 native plugins for Editor in 0.00 ms.
Unloading 3383 Unused Serialized files (Serialized files now loaded: 0)
System memory in use before: 129.9 MB.
System memory in use after: 130.0 MB.

Unloading 17 unused Assets to reduce memory usage. Loaded Objects now: 3937.
Total: 7.143600 ms (FindLiveObjects: 0.590000 ms CreateObjectMapping: 0.651700 ms MarkObjects: 5.619300 ms  DeleteObjects: 0.278000 ms)

========================================================================
Received Prepare
Registering precompiled user dll's ...
Registered in 0.019261 seconds.
Begin MonoManager ReloadAssembly
Native extension for WindowsStandalone target not found
Refreshing native plugins compatible for Editor in 3.52 ms, found 2 plugins.
Preloading 0 native plugins for Editor in 0.00 ms.
Mono: successfully reloaded assembly
- Completed reload, in  5.713 seconds
Platform modules already initialized, skipping
Refreshing native plugins compatible for Editor in 1.64 ms, found 2 plugins.
Preloading 0 native plugins for Editor in 0.00 ms.
Unloading 3383 Unused Serialized files (Serialized files now loaded: 0)
System memory in use before: 130.0 MB.
System memory in use after: 130.1 MB.

Unloading 17 unused Assets to reduce memory usage. Loaded Objects now: 3941.
Total: 6.686300 ms (FindLiveObjects: 0.600700 ms CreateObjectMapping: 0.421900 ms MarkObjects: 5.395100 ms  DeleteObjects: 0.264800 ms)

========================================================================
Received Prepare
Registering precompiled user dll's ...
Registered in 0.034931 seconds.
Begin MonoManager ReloadAssembly
Native extension for WindowsStandalone target not found
Refreshing native plugins compatible for Editor in 2.53 ms, found 2 plugins.
Preloading 0 native plugins for Editor in 0.00 ms.
Mono: successfully reloaded assembly
- Completed reload, in  9.787 seconds
Platform modules already initialized, skipping
Refreshing native plugins compatible for Editor in 1.77 ms, found 2 plugins.
Preloading 0 native plugins for Editor in 0.00 ms.
Unloading 3383 Unused Serialized files (Serialized files now loaded: 0)
System memory in use before: 130.0 MB.
System memory in use after: 130.1 MB.

Unloading 17 unused Assets to reduce memory usage. Loaded Objects now: 3945.
Total: 13.110700 ms (FindLiveObjects: 1.176500 ms CreateObjectMapping: 0.722300 ms MarkObjects: 10.642400 ms  DeleteObjects: 0.564400 ms)

AssetImportWorkerClient::OnTransportError - code=2 error=End of file
